/short/n74/jdg547/EQIAT/gmf_calculator.py:416: VisibleDeprecationWarning: converting an array with ndim > 0 to an index will result in an error in the future
  np.exp((-1/2)*((self.sum_squares_list[index]/self.sigma**2)))
Generating source model
Running for YoungsEtAl1997SInter()
[ 0.14801975  0.17235427  0.17125903  0.17202657  0.17279521  0.46350503
  0.5150097   0.10548676]
[6.9465599039840056, 7.1415619335327021, 7.1333946941647515, 7.1391237715036544, 7.1448354090726012, 8.0, 8.0, 6.5125508618406354]
Results using YoungsEtAl1997SInter() GMM
Best magnitude 7.85
<Latitude=-8.192876, Longitude=118.704838, Depth=18.1606>
Best dip 27.0110673443
Best strike 87.145601445
Could not make shapefile, writing to text
RMSE 0.756290570489
sigma 0.53477819094
Maxmium likelihood =  0.0129808179929
1.80443656445
strikes [  62.91912009   63.31053323   63.70019051 ...,  109.59261365  109.59620084
  109.59982309]
dips [ 27.00844648  27.00845594  27.00846485 ...,  29.06331137  29.13799558
  29.21304013]
Magnitude range is 6.55 - 8.95
Longitude range is 113.87 - 128.92
Latitude range is -8.57 - -6.85
Depth range is 4.54 - 31.78
Strike range is 62.92 - 109.60
Dip range is 27.01 - 29.21
pdf_sums [  9.24705270e-13   1.15733729e-12   1.44614004e-12 ...,   2.34689507e-14
   3.03942032e-14   3.92597855e-14]
[]
[]
[]
[]
[]
[]
[]
[]
[]
[]
[]
[]
[]
[]
[]
[]
[]
[]
ind (array([], dtype=int64),)
index []
pdf_sums [  0.00000000e+00   0.00000000e+00   0.00000000e+00   1.28641959e-07
   2.31536279e-03   8.57825706e-01   1.39336721e-01   5.22081936e-04
   0.00000000e+00   0.00000000e+00   0.00000000e+00   0.00000000e+00
   0.00000000e+00   0.00000000e+00   0.00000000e+00   0.00000000e+00
   0.00000000e+00   0.00000000e+00   0.00000000e+00   0.00000000e+00
   0.00000000e+00   0.00000000e+00   0.00000000e+00   0.00000000e+00]
ind (array([], dtype=int64),)
index []
pdf_sums [ 0.93907691  0.06092309  0.        ]
pdf_sums [  2.65358437e-04   6.76187995e-04   1.76786213e-03   3.70121213e-03
   8.11239126e-03   1.52185630e-02   2.58142941e-02   4.21425195e-02
   5.73568471e-02   8.46394180e-02   9.92756998e-02   1.11842734e-01
   1.60493072e-01   1.03820917e-01   1.06033603e-01   8.33314410e-02
   4.91067235e-02   2.26606654e-02   1.00613490e-02   5.83522101e-03
   4.43669499e-03   2.57067771e-03   7.34669333e-04   9.71837077e-05
   4.69387812e-06]
pdf_sums [  6.69179913e-09   3.82520443e-09   3.60139350e-09 ...,   9.17019211e-15
   3.84252902e-14   8.12327117e-15]
ind (array([], dtype=int64),)
index []
pdf_sums [ 1.  0.]
pdf_sums [  1.25041104e-06   1.31071636e-06   1.37328013e-06 ...,   3.56081401e-06
   3.44070485e-06   3.32459407e-06]
Adding patch
95 percent confidence range on magnitude at best-fit location is 6.75 - 8.65
gmf [ 0.01963468  0.00770876  0.01569137 ...,  0.01118143  0.02252987
  0.01654019]
Running for AtkinsonBoore2003SInter()
[ 0.24511357  0.16290562  0.16180985  0.10257985  0.10306428  0.32084209
  0.20524429  0.16173269]
[7.5927506034297592, 7.0693283097520574, 7.0606815157323668, 6.4767499615844741, 6.482785989310031, 7.937676355706123, 7.3653166066812252, 7.0600704511596133]
Results using AtkinsonBoore2003SInter() GMM
Best magnitude 7.75
<Latitude=-8.132780, Longitude=119.201465, Depth=15.8907>
Best dip 27.0143756202
Best strike 87.9733664297
Could not make shapefile, writing to text
RMSE 0.916955371184
sigma 0.648385361009
Maxmium likelihood =  0.00277987939908
2.18776732687
strikes [  61.47419717   61.97525701   62.4735957  ...,  109.60208312  109.60569959
  109.60935116]
dips [ 27.00844648  27.00845594  27.00846485 ...,  29.29817135  29.39380934
  29.49003141]
Magnitude range is 6.55 - 8.95
Longitude range is 113.24 - 129.15
Latitude range is -8.65 - -6.72
Depth range is 4.54 - 31.78
Strike range is 61.47 - 109.61
Dip range is 27.01 - 29.49
pdf_sums [  3.98665267e-14   5.75314708e-14   8.26074110e-14 ...,   1.92937107e-17
   3.04142383e-17   4.76627782e-17]
[]
[]
[]
[]
[]
[]
[]
[]
[]
[]
[]
[]
[]
[]
[]
[]
[]
[]
ind (array([], dtype=int64),)
index []
pdf_sums [  0.00000000e+00   0.00000000e+00   0.00000000e+00   1.39162820e-07
   1.09160958e-02   7.81307340e-01   2.02595674e-01   5.18075096e-03
   0.00000000e+00   0.00000000e+00   0.00000000e+00   0.00000000e+00
   0.00000000e+00   0.00000000e+00   0.00000000e+00   0.00000000e+00
   0.00000000e+00   0.00000000e+00   0.00000000e+00   0.00000000e+00
   0.00000000e+00   0.00000000e+00   0.00000000e+00   0.00000000e+00]
ind (array([], dtype=int64),)
index []
pdf_sums [ 0.90794721  0.09205279  0.        ]
pdf_sums [  1.03988123e-04   3.71591503e-04   1.28101795e-03   3.29602138e-03
   8.58954443e-03   1.84693629e-02   3.38871425e-02   5.96738953e-02
   8.39885809e-02   1.25521917e-01   1.37272962e-01   1.19911082e-01
   1.34154023e-01   6.84449319e-02   5.61686778e-02   4.00034202e-02
   2.77212946e-02   2.09652596e-02   1.77014447e-02   1.55362368e-02
   1.32247620e-02   9.12871250e-03   3.67929194e-03   7.96880638e-04
   1.07958343e-04]
pdf_sums [  3.59670575e-08   1.17378117e-08   1.01850966e-08 ...,   3.84041321e-18
   6.07243986e-17   2.94335399e-18]
ind (array([], dtype=int64),)
index []
pdf_sums [ 1.  0.]
pdf_sums [  3.33530278e-07   3.64032972e-07   3.96919429e-07 ...,   1.20101028e-06
   1.11955326e-06   1.04303296e-06]
Adding patch
95 percent confidence range on magnitude at best-fit location is 6.95 - 7.75
gmf [ 0.01202796  0.00218079  0.0086184  ...,  0.00969686  0.02799265
  0.0180608 ]
Running for ZhaoEtAl2006SInter()
[ 0.13246049  0.10969567  0.10854982  0.08490856  0.08553448  0.73742932
  0.78253597  0.07533209]
[6.8042716759529691, 6.5626759391722178, 6.5492227718860683, 6.234523774964873, 6.2439334569677873, 8.0, 8.0, 6.0812079766253673]
Results using ZhaoEtAl2006SInter() GMM
Best magnitude 8.15
<Latitude=-8.187423, Longitude=118.795458, Depth=18.1606>
Best dip 27.0117500715
Best strike 87.3642762249
Could not make shapefile, writing to text
RMSE 0.873859313684
sigma 0.617911846509
Maxmium likelihood =  0.00408582151131
2.08494427846
strikes [  67.87758516   68.31200271   68.74456458 ...,  109.60935116  109.61156049
  109.61520628]
dips [ 27.00843738  27.00844648  27.00845521 ...,  29.0340635   29.03510168
  29.03614233]
Magnitude range is 6.55 - 8.95
Longitude range is 114.28 - 128.25
Latitude range is -8.63 - -7.14
Depth range is 4.54 - 31.78
Strike range is 67.88 - 109.62
Dip range is 27.01 - 29.04
pdf_sums [  1.29238278e-12   1.27552453e-12   1.25697177e-12 ...,   6.94248897e-16
   1.01163048e-15   1.46698278e-15]
[]
[]
[]
[]
[]
[]
[]
[]
[]
[]
[]
[]
[]
[]
[]
[]
[]
[]
ind (array([], dtype=int64),)
index []
pdf_sums [  0.00000000e+00   0.00000000e+00   0.00000000e+00   7.87236123e-10
   4.81036325e-04   8.31277850e-01   1.67466121e-01   7.74992353e-04
   0.00000000e+00   0.00000000e+00   0.00000000e+00   0.00000000e+00
   0.00000000e+00   0.00000000e+00   0.00000000e+00   0.00000000e+00
   0.00000000e+00   0.00000000e+00   0.00000000e+00   0.00000000e+00
   0.00000000e+00   0.00000000e+00   0.00000000e+00   0.00000000e+00]
ind (array([], dtype=int64),)
index []
pdf_sums [ 0.93070066  0.06929934  0.        ]
pdf_sums [ 0.0009221   0.00184021  0.00388051  0.00664585  0.01247666  0.02046094
  0.03089717  0.04617702  0.05893023  0.08482783  0.09016571  0.08048388
  0.09838075  0.0621465   0.07235868  0.07873268  0.0745855   0.05765631
  0.03724589  0.02359674  0.01883121  0.01674069  0.014009    0.00732701
  0.00068095]
pdf_sums [  4.57258662e-08   3.80099749e-08   3.53981294e-08 ...,   4.71794537e-16
   1.23611290e-15   3.73736627e-16]
ind (array([], dtype=int64),)
index []
pdf_sums [ 1.  0.]
pdf_sums [  1.39605703e-06   1.50062174e-06   1.61140017e-06 ...,   7.86791119e-07
   7.31941357e-07   6.80556399e-07]
Adding patch
95 percent confidence range on magnitude at best-fit location is 6.75 - 8.95
gmf [ 0.00871165  0.00137843  0.00603224 ...,  0.0089069   0.02905654
  0.01783761]
Running for AbrahamsonEtAl2015SInter()
[ 0.07344635  0.07031642  0.06918471  0.05049001  0.05107777  0.72384578
  0.88605189  0.03045158]
[6.0487290366207178, 5.992934322144654, 5.9721468483888254, 5.568573034033955, 5.5834011598795072, 8.0, 8.0, 4.9703064163293167]
Results using AbrahamsonEtAl2015SInter() GMM
Best magnitude 8.05
<Latitude=-8.190152, Longitude=118.750149, Depth=18.1606>
Best dip 27.011582385
Best strike 87.30154069
Could not make shapefile, writing to text
RMSE 0.893865736815
sigma 0.632058523972
Maxmium likelihood =  0.00340904882881
2.13267767992
strikes [  72.82390452   73.1486788    73.47257608 ...,  109.59030297  109.59261365
  109.59620084]
dips [ 27.00844648  27.00845594  27.00846485 ...,  28.99462322  28.99671491
  28.99776145]
Magnitude range is 6.55 - 8.95
Longitude range is 114.64 - 126.74
Latitude range is -8.53 - -7.60
Depth range is 4.54 - 31.78
Strike range is 72.82 - 109.60
Dip range is 27.01 - 29.00
pdf_sums [  1.08587529e-21   1.02793707e-21   9.66585139e-22 ...,   1.50998459e-34
   1.40490907e-34   1.29636393e-34]
[]
[]
[]
[]
[]
[]
[]
[]
[]
[]
[]
[]
[]
[]
[]
[]
[]
[]
ind (array([], dtype=int64),)
index []
pdf_sums [  0.00000000e+00   0.00000000e+00   0.00000000e+00   2.96051039e-21
   6.14584837e-06   8.17188380e-01   1.82521606e-01   2.83867813e-04
   0.00000000e+00   0.00000000e+00   0.00000000e+00   0.00000000e+00
   0.00000000e+00   0.00000000e+00   0.00000000e+00   0.00000000e+00
   0.00000000e+00   0.00000000e+00   0.00000000e+00   0.00000000e+00
   0.00000000e+00   0.00000000e+00   0.00000000e+00   0.00000000e+00]
ind (array([], dtype=int64),)
index []
pdf_sums [ 0.97204056  0.02795944  0.        ]
pdf_sums [ 0.00011382  0.00028394  0.00076874  0.00173555  0.00403306  0.00789487
  0.01498336  0.02601593  0.04007631  0.065229    0.07996317  0.08074047
  0.10665926  0.06828596  0.07564304  0.07919832  0.07624111  0.06465751
  0.04833887  0.03271559  0.02864098  0.03054432  0.03211407  0.028617
  0.00650576]
pdf_sums [  7.91964366e-11   3.74239105e-11   2.73291519e-11 ...,   4.21229660e-34
   4.58102693e-33   1.85901107e-34]
ind (array([], dtype=int64),)
index []
pdf_sums [ 1.  0.]
pdf_sums [  6.47508936e-10   8.32001189e-10   1.06537414e-09 ...,   6.27601544e-13
   4.66294466e-13   3.45428333e-13]
Adding patch
95 percent confidence range on magnitude at best-fit location is 6.55 - 8.85
gmf [  1.89572410e-03   5.05416283e-05   9.73406015e-04 ...,   1.48176157e-03
   1.45399021e-02   5.85821504e-03]
