/short/n74/jdg547/EQIAT/gmf_calculator.py:415: VisibleDeprecationWarning: converting an array with ndim > 0 to an index will result in an error in the future
  np.exp((-1/2)*((self.sum_squares_list[index]/self.sigma**2)))
WARNING:The site parameter associated to <Latitude=7.965500, Longitude=110.600900, Depth=0.0000> came from a distance of 1521 km!
Generating source model
Running for ChiouYoungs2014()
[  1.78835064e-01   1.23277247e-01   1.43344760e-01   7.15304464e-02
   1.44486949e-01   7.99140253e-06   1.03360265e-01   6.61305711e-02
   1.18790589e-01   1.28626838e-01   6.50615618e-02   5.27637675e-02]
[7.1888523141992611, 6.7122215581853357, 6.9054432971945188, 6.0148651827698183, 6.9156113526092486, 0.74474191710531601, 6.4864600910549965, 5.9143036287876196, 6.6647239315574707, 6.7666451277271582, 5.8934241512294632, 5.6250075283222385]
Results using ChiouYoungs2014() GMM
Best magnitude 6.65
<Latitude=-8.134220, Longitude=110.226769, Depth=5.0000>
Best dip 60.0
Best strike 60.0
Corner lons [ 110.13077696  110.29650696  110.17879952  110.34454777]
Corner lats [-8.15924023 -8.06422023 -8.24154597 -8.14650882]
Corner depths [  0.           0.          18.30335199  18.30335199]
0
1
0.0 0.0
0.0
RMSE 1.78358408743
sigma 0.728145154592
Maxmium likelihood =  1.81358674103e-06
3.21072236595
strikes [   0.   15.   30.   45.   60.   75.   90.  105.  120.  135.  150.  165.
  180.  195.  210.  225.  240.  255.  270.  285.  300.  315.  330.  345.]
dips [ 30.  60.  90.]
Magnitude range is 5.05 - 7.25
Longitude range is 109.55 - 111.00
Latitude range is -8.36 - -7.14
Depth range is 5.00 - 20.00
Strike range is 0.00 - 345.00
Dip range is 30.00 - 90.00
pdf_sums [  9.38075884e-04   9.62809972e-04   9.87351678e-04   1.01191691e-03
   1.03658899e-03   1.06174119e-03   1.08807230e-03   1.11563715e-03
   1.14457367e-03   1.17506752e-03   1.20703051e-03   1.24005896e-03
   1.27364958e-03   1.30689793e-03   1.33881908e-03   1.36837333e-03
   1.39460847e-03   1.41597268e-03   1.43152266e-03   1.44032786e-03
   1.44133242e-03   1.43374592e-03   1.41780608e-03   1.39312387e-03
   1.36042684e-03   1.32030432e-03   1.27333759e-03   1.22051267e-03
   9.53044420e-04   9.75731217e-04   9.98069102e-04   1.02029743e-03
   1.04297956e-03   1.06694230e-03   1.09250986e-03   1.12006355e-03
   1.15030363e-03   1.18341580e-03   1.21913663e-03   1.25702927e-03
   1.29674858e-03   1.33753092e-03   1.37834301e-03   1.41709961e-03
   1.45210463e-03   1.48238931e-03   1.50615820e-03   1.52165441e-03
   1.52846299e-03   1.52565906e-03   1.51297222e-03   1.49053273e-03
   1.45808143e-03   1.41669468e-03   1.36740912e-03   1.31147856e-03
   9.60557419e-04   9.80012467e-04   9.98876847e-04   1.01767306e-03
   1.03756369e-03   1.05908682e-03   1.08294730e-03   1.11014327e-03
   1.14129306e-03   1.17660199e-03   1.21652206e-03   1.26074182e-03
   1.30831943e-03   1.35814366e-03   1.40859284e-03   1.45833020e-03
   1.50468535e-03   1.54582512e-03   1.57991588e-03   1.60479990e-03
   1.61900434e-03   1.62190828e-03   1.61249479e-03   1.59171288e-03
   1.56008883e-03   1.51786557e-03   1.46606975e-03   1.40636732e-03
   9.59782165e-04   9.74783380e-04   9.88805971e-04   1.00330369e-03
   1.01896357e-03   1.03680852e-03   1.05822958e-03   1.08426920e-03
   1.11570369e-03   1.15373964e-03   1.19836141e-03   1.24907694e-03
   1.30551694e-03   1.36636215e-03   1.42957389e-03   1.49268455e-03
   1.55333150e-03   1.60770949e-03   1.65419940e-03   1.68999838e-03
   1.71302299e-03   1.72267791e-03   1.71833587e-03   1.69972363e-03
   1.66780520e-03   1.62390957e-03   1.56957284e-03   1.50559076e-03
   9.50245113e-04   9.59336124e-04   9.67706586e-04   9.76333981e-04
   9.86436008e-04   9.99662747e-04   1.01766019e-03   1.04151159e-03
   1.07319290e-03   1.11369493e-03   1.16274250e-03   1.22154033e-03
   1.28832270e-03   1.36159641e-03   1.43960799e-03   1.51902820e-03
   1.59621437e-03   1.66759801e-03   1.72920590e-03   1.77863616e-03
   1.81295711e-03   1.83093155e-03   1.83102531e-03   1.81500470e-03
   1.78300275e-03   1.73624702e-03   1.67816137e-03   1.60960423e-03
   9.31813670e-04   9.34042260e-04   9.35478435e-04   9.36896956e-04
   9.40284759e-04   9.47510152e-04   9.60794146e-04   9.81926375e-04
   1.01275293e-03   1.05500943e-03   1.10947157e-03   1.17632356e-03
   1.25502675e-03   1.34330457e-03   1.43861978e-03   1.53728324e-03
   1.63437504e-03   1.72544116e-03   1.80603376e-03   1.87192037e-03
   1.91928397e-03   1.94640453e-03   1.95305315e-03   1.93906762e-03
   1.90609893e-03   1.85665789e-03   1.79292222e-03   1.71798344e-03
   9.05013507e-04   8.99712559e-04   8.92629594e-04   8.85638265e-04
   8.81413964e-04   8.81342451e-04   8.88796795e-04   9.06048029e-04
   9.35215845e-04   9.79009425e-04   1.03814761e-03   1.11363989e-03
   1.20490579e-03   1.31004762e-03   1.42566505e-03   1.54695962e-03
   1.66818572e-03   1.78352879e-03   1.88570204e-03   1.97068886e-03
   2.03370748e-03   2.07248190e-03   2.08535894e-03   2.07355033e-03
   2.03883165e-03   1.98467046e-03   1.91479751e-03   1.83134444e-03
   8.71237630e-04   8.57058353e-04   8.40659383e-04   8.24670815e-04
   8.11083712e-04   8.02537598e-04   8.02797689e-04   8.14166655e-04
   8.40945966e-04   8.84460634e-04   9.48298103e-04   1.03251998e-03
   1.13757617e-03   1.26152921e-03   1.40111230e-03   1.54948410e-03
   1.69975695e-03   1.84288912e-03   1.97122436e-03   2.07807341e-03
   2.15873968e-03   2.20956329e-03   2.22947363e-03   2.21906462e-03
   2.18157084e-03   2.12116413e-03   2.04248888e-03   1.94938365e-03
   8.31578463e-04   8.08099316e-04   7.82017279e-04   7.55707757e-04
   7.31979375e-04   7.14066705e-04   7.05779425e-04   7.10634912e-04
   7.32646758e-04   7.75293462e-04   8.41742882e-04   9.33771601e-04
   1.05340420e-03   1.19873803e-03   1.36670806e-03   1.54911471e-03
   1.73567641e-03   1.91294238e-03   2.06984159e-03   2.20011492e-03
   2.29818546e-03   2.36109507e-03   2.38745139e-03   2.37757728e-03
   2.33472533e-03   2.26612290e-03   2.17553927e-03   2.07129779e-03
   7.88107249e-04   7.54955078e-04   7.18700818e-04   6.82076268e-04
   6.47714356e-04   6.19720382e-04   6.01912835e-04   5.99033081e-04
   6.15081609e-04   6.54580223e-04   7.21445874e-04   8.20438249e-04
   9.53656321e-04   1.12335927e-03   1.32649315e-03   1.55255383e-03
   1.78414408e-03   2.00307738e-03   2.19276664e-03   2.34560386e-03
   2.45883532e-03   2.53102978e-03   2.56101385e-03   2.54838658e-03
   2.49822869e-03   2.41682910e-03   2.31304456e-03   2.19407499e-03
   7.42946653e-04   7.00329940e-04   6.54592417e-04   6.07288397e-04
   5.62602280e-04   5.24405562e-04   4.97577690e-04   4.85913556e-04
   4.95066781e-04   5.29148804e-04   5.94358155e-04   6.96225581e-04
   8.42685610e-04   1.03881535e-03   1.28343604e-03   1.56286405e-03
   1.85163056e-03   2.12109494e-03   2.34864668e-03   2.52386114e-03
   2.64769909e-03   2.72362123e-03   2.75245421e-03   2.73296223e-03
   2.67004558e-03   2.57245914e-03   2.45146855e-03   2.31498301e-03
   6.98369391e-04   6.47571840e-04   5.92550602e-04   5.36031556e-04
   4.82033912e-04   4.34905200e-04   3.99646080e-04   3.80857648e-04
   3.82773680e-04   4.10370501e-04   4.70285769e-04   5.71666252e-04
   7.27147577e-04   9.48713483e-04   1.23879890e-03   1.58018815e-03
   1.93719371e-03   2.26805267e-03   2.53916292e-03   2.73648668e-03
   2.86628764e-03   2.93973086e-03   2.96042216e-03   2.92804243e-03
   2.84662627e-03   2.72840127e-03   2.58616860e-03   2.43029289e-03
   6.56380151e-04   5.98793913e-04   5.36294202e-04   4.72131192e-04
   4.10818564e-04   3.57361033e-04   3.17103031e-04   2.94015568e-04
   2.91066262e-04   3.12463981e-04   3.65239586e-04   4.60808749e-04
   6.18598995e-04   8.59628433e-04   1.19397167e-03   1.60231188e-03
   2.03580929e-03   2.43500747e-03   2.75346852e-03   2.97340892e-03
   3.10602620e-03   3.17286927e-03   3.18052257e-03   3.12837062e-03
   3.02187160e-03   2.87741102e-03   2.71014215e-03   2.53322448e-03
   6.19685818e-04   5.56938507e-04   4.89014030e-04   4.19699248e-04
   3.53738473e-04   2.97480444e-04   2.57047551e-04   2.35402907e-04
   2.31687641e-04   2.48542072e-04   2.93989904e-04   3.80155090e-04
   5.31540578e-04   7.82349997e-04   1.15489495e-03   1.62928500e-03
   2.14013724e-03   2.60743991e-03   2.97105414e-03   3.21021784e-03
   3.34514431e-03   3.40487852e-03   3.39665827e-03   3.31963913e-03
   3.18304569e-03   3.00802723e-03   2.81429853e-03   2.61610985e-03
   5.88806070e-04   5.22835357e-04   4.52107675e-04   3.80318592e-04
   3.12975656e-04   2.57013011e-04   2.19692916e-04   2.01573229e-04
   1.99071460e-04   2.13365975e-04   2.52601827e-04   3.31171138e-04
   4.74616136e-04   7.28520386e-04   1.12927749e-03   1.65989251e-03
   2.23732082e-03   2.75969422e-03   3.15563768e-03   3.40933842e-03
   3.54970059e-03   3.60645107e-03   3.58247989e-03   3.47806856e-03
   3.30974486e-03   3.10498988e-03   2.88658532e-03   2.67008136e-03
   5.64704838e-04   4.98001957e-04   4.26795272e-04   3.55070257e-04
   2.88294838e-04   2.33700736e-04   1.97958506e-04   1.80555427e-04
   1.77815823e-04   1.90792557e-04   2.27141381e-04   3.03141101e-04
   4.45854121e-04   7.06686538e-04   1.12765956e-03   1.69207802e-03
   2.30687474e-03   2.85791055e-03   3.26842898e-03   3.53066886e-03
   3.67763389e-03   3.73332665e-03   3.69668578e-03   3.57068264e-03
   3.37674607e-03   3.14880217e-03   2.91385883e-03   2.68609921e-03
   5.46267686e-04   4.80819625e-04   4.11764198e-04   3.42440315e-04
   2.78202826e-04   2.24689588e-04   1.87448193e-04   1.67545585e-04
   1.62677682e-04   1.74548823e-04   2.11890619e-04   2.91263954e-04
   4.44646278e-04   7.24508787e-04   1.16210749e-03   1.73015094e-03
   2.34252638e-03   2.89014191e-03   3.29351596e-03   3.54446032e-03
   3.68251970e-03   3.73439282e-03   3.69316948e-03   3.55850731e-03
   3.35530613e-03   3.12175481e-03   2.88356490e-03   2.65621106e-03
   5.32726107e-04   4.70259693e-04   4.04938911e-04   3.40145003e-04
   2.79643180e-04   2.28314568e-04   1.89967609e-04   1.66759845e-04
   1.60177967e-04   1.73363834e-04   2.14467598e-04   3.01966867e-04
   4.73061948e-04   7.74479602e-04   1.21984567e-03   1.76989103e-03
   2.34868261e-03   2.85889711e-03   3.21728598e-03   3.40999615e-03
   3.51192629e-03   3.56334610e-03   3.53238740e-03   3.41285814e-03
   3.22703913e-03   3.01020442e-03   2.78950426e-03   2.57684180e-03
   5.21867739e-04   4.63236560e-04   4.02723649e-04   3.43461649e-04
   2.88643459e-04   2.41337218e-04   2.04983046e-04   1.82132676e-04
   1.76586893e-04   1.92787177e-04   2.39240288e-04   3.33184093e-04
   5.11428801e-04   8.15185683e-04   1.24306198e-03   1.74364547e-03
   2.24836541e-03   2.67484661e-03   2.95233636e-03   3.07807011e-03
   3.15081550e-03   3.20711015e-03   3.20535999e-03   3.12808305e-03
   2.98946472e-03   2.81604841e-03   2.63225375e-03   2.45101501e-03
   5.11768907e-04   4.56954287e-04   4.01346902e-04   3.47998435e-04
   2.99066709e-04   2.57346813e-04   2.24885109e-04   2.04915931e-04
   2.02055816e-04   2.22283642e-04   2.72738697e-04   3.64842511e-04
   5.28997094e-04   8.04434482e-04   1.17634777e-03   1.58013802e-03
   1.95053231e-03   2.23801534e-03   2.41974641e-03   2.52193971e-03
   2.60674605e-03   2.69118098e-03   2.74189013e-03   2.73290239e-03
   2.66459326e-03   2.55571622e-03   2.42419237e-03   2.28600983e-03
   5.00361953e-04   4.48693931e-04   3.97337900e-04   3.48650697e-04
   3.05012985e-04   2.68111966e-04   2.39875189e-04   2.22620001e-04
   2.21118318e-04   2.41207086e-04   2.88205694e-04   3.69375445e-04
   5.07887247e-04   7.29920919e-04   1.00842580e-03   1.27668967e-03
   1.48421219e-03   1.62532919e-03   1.72949792e-03   1.83353115e-03
   1.95953735e-03   2.09721702e-03   2.21587816e-03   2.28491450e-03
   2.29593555e-03   2.25808005e-03   2.18727278e-03   2.09542892e-03
   4.86307251e-04   4.36957305e-04   3.88127953e-04   3.42583813e-04
   3.01970696e-04   2.68073165e-04   2.42261990e-04   2.26150111e-04
   2.23117438e-04   2.37054832e-04   2.72821517e-04   3.37328623e-04
   4.45646470e-04   6.02498685e-04   7.77714604e-04   9.20612984e-04
   1.01100285e-03   1.07950343e-03   1.16563828e-03   1.27345839e-03
   1.40624868e-03   1.56401882e-03   1.72455218e-03   1.85414445e-03
   1.93212156e-03   1.95816877e-03   1.94267946e-03   1.89623616e-03
   4.69128066e-04   4.20713301e-04   3.73120826e-04   3.28269917e-04
   2.88410963e-04   2.54940482e-04   2.29082016e-04   2.12010573e-04
   2.05502747e-04   2.12368269e-04   2.35816618e-04   2.81066007e-04
   3.53747191e-04   4.50250488e-04   5.47650072e-04   6.18049082e-04
   6.67264963e-04   7.38880407e-04   8.39828360e-04   9.40564757e-04
   1.04218973e-03   1.17422452e-03   1.33600377e-03   1.49259360e-03
   1.61179068e-03   1.68318151e-03   1.70993981e-03   1.70197124e-03
   4.49436726e-04   4.00815661e-04   3.52619460e-04   3.07152535e-04
   2.65921077e-04   2.30777348e-04   2.02550375e-04   1.82385650e-04
   1.71385821e-04   1.71056427e-04   1.82874713e-04   2.08878878e-04
   2.51629341e-04   3.08185666e-04   3.64795346e-04   4.08789875e-04
   4.53197538e-04   5.31028469e-04   6.30622130e-04   7.22862092e-04
   8.07907664e-04   9.13868090e-04   1.05899891e-03   1.21691060e-03
   1.35230632e-03   1.44809196e-03   1.50366825e-03   1.52342771e-03
   4.28046332e-04   3.78533579e-04   3.29142857e-04   2.81784063e-04
   2.38422281e-04   2.00364379e-04   1.69090201e-04   1.45421957e-04
   1.29874376e-04   1.23085271e-04   1.25326292e-04   1.37798527e-04
   1.62390842e-04   1.98534208e-04   2.39157788e-04   2.76873746e-04
   3.18895327e-04   3.86919054e-04   4.73477856e-04   5.58555209e-04
   6.40681418e-04   7.38937459e-04   8.70530067e-04   1.01823077e-03
   1.15300620e-03   1.25815054e-03   1.32814400e-03   1.36513935e-03
   4.06463899e-04   3.55694046e-04   3.05069822e-04   2.55924200e-04
   2.10425143e-04   1.70205515e-04   1.36905878e-04   1.11457026e-04
   9.40086701e-05   8.43741053e-05   8.18189189e-05   8.66724993e-05
   1.00928103e-04   1.26244600e-04   1.60095907e-04   1.96495274e-04
   2.35864337e-04   2.90440853e-04   3.61990259e-04   4.40258916e-04
   5.22923136e-04   6.21576660e-04   7.44185110e-04   8.78666531e-04
   1.00482482e-03   1.10794320e-03   1.18341474e-03   1.22986133e-03
   3.85892055e-04   3.34571327e-04   2.82875768e-04   2.32625305e-04
   1.86035643e-04   1.45203172e-04   1.12018342e-04   8.75764617e-05
   7.19617578e-05   6.34629074e-05   6.00936267e-05   6.13938728e-05
   6.88580150e-05   8.56143733e-05   1.13191507e-04   1.47857983e-04
   1.86511685e-04   2.33915234e-04   2.94743588e-04   3.66697566e-04
   4.49167488e-04   5.46688400e-04   6.60652096e-04   7.81409216e-04
   8.95051824e-04   9.91839592e-04   1.06580443e-03   1.11591193e-03
   3.67825040e-04   3.16403332e-04   2.64515186e-04   2.14170369e-04
   1.67651138e-04   1.27602942e-04   9.60539130e-05   7.45756161e-05
   6.21502965e-05   5.58866880e-05   5.34808220e-05   5.35655969e-05
   5.68403247e-05   6.68446713e-05   8.74050615e-05   1.18628747e-04
   1.57350845e-04   2.03709700e-04   2.60292187e-04   3.28397398e-04
   4.08501930e-04   5.01674585e-04   6.05480790e-04   7.12601316e-04
   8.13699757e-04   9.01592082e-04   9.71015845e-04   1.02041205e-03
   3.53156265e-04   3.02435203e-04   2.51064772e-04   2.01624961e-04
   1.56193350e-04   1.17472830e-04   8.80088024e-05   6.91028099e-05
   5.89309758e-05   5.43979490e-05   5.28220942e-05   5.24948682e-05
   5.40018098e-05   6.03334685e-05   7.57088675e-05   1.03122419e-04
   1.41352719e-04   1.88567704e-04   2.44816699e-04   3.11017141e-04
   3.87788864e-04   4.74679575e-04   5.68273681e-04   6.62870143e-04
   7.52288231e-04   8.30660853e-04   8.94274294e-04   9.40789950e-04
   3.42301489e-04   2.93095089e-04   2.43236313e-04   1.95128720e-04
   1.51187578e-04   1.14084327e-04   8.59338828e-05   6.81186217e-05
   5.87498478e-05   5.48601672e-05   5.35154924e-05   5.32176727e-05
   5.43932561e-05   5.96227084e-05   7.28792164e-05   9.78998001e-05
   1.35238283e-04   1.82795973e-04   2.39225397e-04   3.04227810e-04
   3.77513683e-04   4.58023640e-04   5.42275430e-04   6.26196523e-04
   7.05326009e-04   7.74473722e-04   8.31547334e-04   8.73921183e-04
   3.35649095e-04   2.88348560e-04   2.40602867e-04   1.94531552e-04
   1.52433234e-04   1.16561188e-04   8.89292543e-05   7.07063472e-05
   6.06891454e-05   5.63354538e-05   5.47871218e-05   5.47227446e-05
   5.65112540e-05   6.24438619e-05   7.60235432e-05   1.00715212e-04
   1.37496509e-04   1.84713569e-04   2.40629522e-04   3.04129366e-04
   3.73510621e-04   4.48076164e-04   5.24077609e-04   5.98973692e-04
   6.68002775e-04   7.29610454e-04   7.79616504e-04   8.17568178e-04
   3.32825656e-04   2.88021909e-04   2.42948297e-04   1.99267658e-04
   1.58978457e-04   1.24414058e-04   9.69898106e-05   7.75382338e-05
   6.57228457e-05   5.98905166e-05   5.78059336e-05   5.81282854e-05
   6.13198732e-05   6.92170131e-05   8.46692581e-05   1.10558641e-04
   1.47306292e-04   1.93665929e-04   2.47982150e-04   3.08891795e-04
   3.74310991e-04   4.42804282e-04   5.11156673e-04   5.77746663e-04
   6.38740593e-04   6.92138457e-04   7.35978508e-04   7.69173978e-04
   3.33194620e-04   2.91620026e-04   2.49483567e-04   2.08358866e-04
   1.70512687e-04   1.37273456e-04   1.10203421e-04   8.99101517e-05
   7.62871850e-05   6.84610663e-05   6.54663413e-05   6.63656116e-05
   7.12586757e-05   8.16522841e-05   9.97248176e-05   1.26891501e-04
   1.63417377e-04   2.08315335e-04   2.60479303e-04   3.17794152e-04
   3.78517574e-04   4.40942299e-04   5.02382676e-04   5.61076040e-04
   6.14358477e-04   6.60900003e-04   6.98657380e-04   7.26678050e-04]
pdf_sums [ 0.04203743  0.04082337  0.04002895  0.0396898   0.0398393   0.04024359
  0.04059453  0.04170384  0.04251867  0.0427533   0.04235655  0.0414739
  0.04057949  0.04001859  0.03976337  0.03996791  0.04064664  0.04151828
  0.04223667  0.04365314  0.04465605  0.04495762  0.04451038  0.04342861]
pdf_sums [ 0.2329995   0.24590086  0.25896122  0.26213843]
pdf_sums [  1.90089056e-05   6.84171511e-05   2.26406116e-04   6.68173836e-04
   1.71484010e-03   3.78193512e-03   7.20040395e-03   1.20289036e-02
   1.80568570e-02   2.52590308e-02   3.31383402e-02   4.14288516e-02
   4.98788192e-02   5.82501334e-02   6.62236160e-02   7.34495593e-02
   8.02924131e-02   8.64371519e-02   9.13069350e-02   9.32684883e-02
   9.17818883e-02   8.69266985e-02   7.85931288e-02]
pdf_sums [ 0.05811503  0.06051739  0.06249911  0.0638708   0.06440419  0.06391546
  0.06245514  0.06025683  0.05745065  0.05373508  0.04874626  0.04266127
  0.03604454  0.02959038  0.0240522   0.01992112  0.01716057  0.01538969
  0.01430098  0.01374019  0.01362068  0.01389371  0.01452106  0.01544418
  0.01656917  0.01780257  0.01905819  0.02026357]
pdf_sums [ 0.34501234  0.31809697  0.33689069]
pdf_sums [ 0.00097295  0.00098214  0.00099102  0.00099954  0.0010076   0.00101506
  0.00102183  0.00102789  0.00103314  0.0010375   0.00104099  0.0010437
  0.00104572  0.00104727  0.00104847  0.00104946  0.00105015  0.00105048
  0.00105024  0.00104921  0.00104707  0.00104372  0.00103904  0.00103322
  0.00102633  0.00101865  0.00101043  0.00100209  0.00099393  0.00098611
  0.00097886  0.00097215  0.00096582  0.00097939  0.00098891  0.00099811
  0.00100689  0.00101511  0.00102267  0.00102951  0.00103544  0.00104033
  0.00104419  0.00104701  0.00104894  0.00105008  0.00105081  0.00105131
  0.00105195  0.00105257  0.00105313  0.00105318  0.00105237  0.00105029
  0.00104674  0.00104156  0.00103497  0.00102709  0.00101821  0.00100891
  0.00099953  0.00099064  0.00098249  0.0009752   0.00096878  0.00096311
  0.00098566  0.00099551  0.001005    0.00101402  0.00102245  0.00103015
  0.00103691  0.00104257  0.00104708  0.00105028  0.00105217  0.00105284
  0.00105267  0.0010521   0.0010516   0.00105168  0.00105234  0.00105331
  0.00105392  0.00105364  0.00105181  0.00104811  0.00104248  0.00103484
  0.00102567  0.00101534  0.00100451  0.00099385  0.00098396  0.00097543
  0.00096831  0.00096258  0.00095785  0.00099171  0.00100187  0.00101168
  0.00102099  0.00102963  0.00103739  0.00104405  0.0010495   0.00105346
  0.00105575  0.00105636  0.00105543  0.00105329  0.00105079  0.00104875
  0.00104804  0.00104883  0.00105067  0.00105239  0.00105304  0.00105169
  0.00104799  0.00104164  0.00103288  0.00102198  0.00100961  0.00099671
  0.0009843   0.00097329  0.0009643   0.00095757  0.00095293  0.00094967
  0.00099749  0.00100801  0.00101816  0.00102777  0.00103661  0.00104448
  0.00105114  0.0010563   0.00105963  0.0010609   0.00105995  0.00105683
  0.00105204  0.00104669  0.00104239  0.00104058  0.0010418   0.00104504
  0.00104861  0.00105075  0.0010503   0.00104657  0.00103953  0.00102914
  0.00101601  0.00100093  0.00098517  0.00097025  0.00095766  0.00094823
  0.00094235  0.00093934  0.00093848  0.001003    0.00101391  0.00102441
  0.00103433  0.00104343  0.00105149  0.00105817  0.0010631   0.00106587
  0.0010661   0.00106341  0.00105773  0.00104953  0.00104045  0.00103308
  0.00102989  0.00103168  0.00103711  0.00104323  0.0010475   0.00104812
  0.00104453  0.00103654  0.00102426  0.00100809  0.00098928  0.00096964
  0.00095131  0.00093651  0.00092671  0.00092213  0.00092176  0.00092408
  0.00100822  0.00101953  0.00103041  0.0010407   0.00105016  0.00105851
  0.00106532  0.00107022  0.00107264  0.00107197  0.0010677   0.00105934
  0.00104744  0.00103424  0.00102359  0.00101901  0.00102139  0.00102901
  0.001038    0.00104449  0.00104632  0.00104282  0.00103367  0.00101898
  0.00099911  0.0009755   0.00095063  0.00092781  0.00091036  0.00090011
  0.00089728  0.00090046  0.00090705  0.00101309  0.00102481  0.00103615
  0.00104688  0.00105678  0.00106549  0.00107272  0.00107778  0.00108019
  0.00107916  0.00107376  0.00106341  0.00104841  0.00103174  0.00101869
  0.00101326  0.00101552  0.00102467  0.00103585  0.00104402  0.00104659
  0.0010428   0.00103232  0.00101477  0.00099059  0.00096118  0.00093018
  0.00090236  0.00088186  0.00087106  0.00087012  0.00087709  0.00088867
  0.00101757  0.00102973  0.00104157  0.00105282  0.00106328  0.00107256
  0.00108039  0.00108607  0.00108897  0.00108823  0.00108276  0.00107171
  0.00105536  0.00103705  0.00102287  0.00101715  0.00101926  0.001029
  0.00104083  0.00104929  0.00105153  0.00104673  0.00103432  0.00101364
  0.00098464  0.00094911  0.00091191  0.00087903  0.00085585  0.00084439
  0.00084481  0.00085509  0.00087134  0.00102159  0.00103424  0.00104661
  0.00105846  0.00106962  0.00107968  0.00108838  0.00109496  0.00109895
  0.00109942  0.00109518  0.00108537  0.00107022  0.00105296  0.00103935
  0.00103388  0.00103687  0.00104637  0.00105707  0.00106388  0.00106412
  0.00105712  0.0010419   0.00101766  0.000984    0.00094285  0.00089996
  0.00086312  0.00083837  0.00082592  0.00082657  0.00083886  0.0008583
  0.00102514  0.00103828  0.00105119  0.00106372  0.00107563  0.00108666
  0.00109646  0.00110445  0.00111008  0.00111249  0.00111086  0.00110427
  0.00109307  0.00107989  0.00106977  0.00106708  0.00107026  0.00107851
  0.00108655  0.00108986  0.00108633  0.00107555  0.00105672  0.00102856
  0.00099066  0.00094502  0.00089792  0.0008581   0.00083208  0.00081892
  0.00081908  0.00083187  0.00085274  0.00102815  0.00104178  0.00105528
  0.00106851  0.00108129  0.00109337  0.00110446  0.0011141   0.00112174
  0.0011269   0.00112882  0.00112704  0.00112179  0.00111516  0.00111065
  0.00111117  0.00111629  0.00112335  0.00112767  0.00112625  0.00111769
  0.00110195  0.00107834  0.00104623  0.0010051   0.0009568   0.00090752
  0.00086561  0.00083778  0.00082479  0.00082399  0.00083598  0.00085631
  0.00103055  0.00104466  0.00105874  0.00107269  0.00108637  0.00109957
  0.00111206  0.00112348  0.00113345  0.00114159  0.00114763  0.00115134
  0.00115303  0.00115411  0.00115661  0.00116197  0.0011693   0.00117508
  0.0011758   0.00116941  0.00115505  0.00113337  0.00110463  0.00106866
  0.0010255   0.00097675  0.00092776  0.00088557  0.00085646  0.00084208
  0.00084066  0.00085099  0.0008688   0.00103227  0.00104683  0.00106147
  0.00107614  0.0010907   0.00110502  0.00111891  0.00113211  0.00114442
  0.00115563  0.00116567  0.00117464  0.00118293  0.00119142  0.00120111
  0.00121193  0.00122151  0.00122637  0.00122369  0.00121264  0.00119287
  0.00116545  0.00113159  0.00109222  0.00104811  0.00100109  0.00095481
  0.00091486  0.00088603  0.00087039  0.00086746  0.00087485  0.0008884
  0.00103324  0.00104822  0.00106336  0.0010787   0.00109408  0.00110948
  0.00112471  0.00113961  0.00115406  0.00116804  0.0011816   0.00119501
  0.00120862  0.00122328  0.00123902  0.00125484  0.00126711  0.00127154
  0.00126609  0.00125135  0.00122704  0.00119441  0.00115578  0.00111337
  0.00106913  0.00102496  0.00098354  0.00094796  0.0009214   0.00090564
  0.00090041  0.00090358  0.00091196  0.00103343  0.00104876  0.00106433
  0.00108025  0.00109638  0.00111274  0.00112914  0.00114556  0.00116189
  0.00117826  0.00119468  0.00121142  0.0012291   0.00124822  0.00126855
  0.00128842  0.00130328  0.00130801  0.00130082  0.00128321  0.00125517
  0.001218    0.00117493  0.00112983  0.00108582  0.00104511  0.00100918
  0.00097915  0.0009561   0.00094103  0.0009338   0.00093295  0.00093602
  0.0010328   0.00104839  0.00106432  0.00108071  0.00109746  0.00111458
  0.00113201  0.0011497   0.00116767  0.00118593  0.00120463  0.001224
  0.00124467  0.00126724  0.00129064  0.00131292  0.00132959  0.00133482
  0.00132708  0.00130747  0.00127638  0.0012356   0.00118864  0.00114118
  0.00109786  0.00106081  0.00103007  0.00100538  0.00098615  0.00097231
  0.00096367  0.00095944  0.00095801  0.00103129  0.00104708  0.00106327
  0.00107998  0.0010972   0.0011149   0.00113314  0.00115183  0.00117105
  0.00119089  0.00121136  0.00123284  0.00125563  0.00128023  0.00130559
  0.0013294   0.00134672  0.00135228  0.00134426  0.00132381  0.00129076
  0.00124714  0.0011969   0.00114827  0.00110655  0.00107299  0.00104677
  0.00102638  0.00101031  0.00099765  0.00098812  0.00098139  0.00097662
  0.00102889  0.00104478  0.00106111  0.00107802  0.00109552  0.00111363
  0.00113238  0.00115181  0.00117192  0.00119288  0.00121475  0.00123772
  0.00126204  0.00128793  0.00131413  0.0013381   0.0013551   0.00136115
  0.00135383  0.00133273  0.0012987   0.00125351  0.00120227  0.00115518
  0.00111498  0.00108385  0.00106105  0.00104354  0.00102953  0.00101749
  0.00100728  0.00099872  0.00099157  0.0010256   0.00104149  0.00105784
  0.00107481  0.00109242  0.00111071  0.00112972  0.00114953  0.00117017
  0.00119173  0.00121435  0.00123816  0.00126325  0.00128939  0.00131527
  0.00133838  0.00135494  0.00136095  0.00135399  0.00133358  0.00130008
  0.00125605  0.00120688  0.00116152  0.00112388  0.00109526  0.00107429
  0.00105818  0.00104485  0.00103277  0.00102184  0.00101191  0.00100292
  0.00102143  0.00103722  0.0010535   0.00107037  0.00108792  0.00110616
  0.00112516  0.00114499  0.00116569  0.00118735  0.00121005  0.00123385
  0.00125858  0.00128385  0.00130836  0.00132981  0.00134525  0.00135089
  0.00134437  0.00132562  0.00129461  0.00125469  0.00121054  0.00116873
  0.00113391  0.001107    0.00108663  0.00107062  0.00105686  0.0010442
  0.00103228  0.00102128  0.00101094  0.0010164   0.00103199  0.00104809
  0.00106473  0.00108206  0.00110002  0.00111876  0.0011383   0.00115866
  0.00117989  0.00120203  0.00122495  0.00124843  0.0012719   0.00129414
  0.00131317  0.00132673  0.00133189  0.00132634  0.00130965  0.00128283
  0.00124874  0.00121115  0.00117464  0.00114292  0.00111726  0.00109698
  0.00108033  0.00106563  0.00105208  0.00103936  0.00102732  0.00101597
  0.00101054  0.00102585  0.00104167  0.00105797  0.0010749   0.00109244
  0.00111068  0.00112963  0.00114931  0.0011697   0.00119075  0.00121226
  0.0012339   0.00125496  0.00127445  0.00129079  0.00130206  0.00130617
  0.00130155  0.00128774  0.00126589  0.00123805  0.00120695  0.00117598
  0.00114786  0.00112383  0.00110363  0.00108627  0.00107077  0.00105646
  0.00104301  0.00103028  0.00101815  0.00100388  0.00101886  0.00103428
  0.00105017  0.00106657  0.00108354  0.0011011   0.00111924  0.00113797
  0.00115723  0.00117687  0.00119667  0.00121619  0.00123482  0.00125157
  0.00126526  0.0012744   0.0012776   0.00127377  0.00126279  0.00124539
  0.00122302  0.00119778  0.00117189  0.00114736  0.00112524  0.00110567
  0.00108823  0.00107233  0.00105757  0.00104372  0.00103056  0.00101788
  0.00099647  0.00101109  0.00102603  0.00104143  0.00105722  0.0010735
  0.00109025  0.00110744  0.00112507  0.001143    0.00116107  0.00117903
  0.00119645  0.00121272  0.00122706  0.00123848  0.00124592  0.00124844
  0.00124534  0.00123664  0.00122274  0.00120485  0.00118433  0.00116279
  0.00114159  0.0011216   0.00110315  0.00108616  0.00107042  0.00105567
  0.00104164  0.00102829  0.00101538  0.00098839  0.00100258  0.00101704
  0.00103184  0.00104698  0.00106248  0.00107833  0.00109452  0.00111093
  0.00112748  0.00114396  0.00116012  0.00117553  0.0011897   0.00120196
  0.0012115   0.00121767  0.00121974  0.00121724  0.0012103   0.00119918
  0.00118474  0.00116798  0.00114994  0.0011317   0.00111385  0.00109685
  0.00108076  0.00106551  0.00105104  0.00103723  0.00102386  0.00101098
  0.00097968  0.00099341  0.00100735  0.00102152  0.00103597  0.00105068
  0.0010656   0.00108071  0.00109591  0.00111109  0.00112605  0.00114049
  0.00115411  0.00116642  0.00117692  0.00118502  0.00119017  0.00119193
  0.00118999  0.00118439  0.00117543  0.00116369  0.00114984  0.00113466
  0.0011189   0.0011031   0.00108762  0.0010726   0.00105815  0.00104417
  0.00103069  0.0010176   0.00100488  0.00097043  0.00098366  0.00099706
  0.0010106   0.00102433  0.00103821  0.00105222  0.00106626  0.00108031
  0.00109417  0.00110768  0.00112059  0.00113261  0.00114336  0.0011524
  0.00115931  0.00116372  0.00116524  0.00116375  0.00115925  0.00115195
  0.00114227  0.00113071  0.00111787  0.00110419  0.0010902   0.00107621
  0.00106236  0.00104877  0.00103547  0.00102251  0.00100982  0.00099736]
Adding patch
95 percent confidence range on magnitude at best-fit location is 5.05 - 7.25
gmf [ 0.0024025   0.00251457  0.00372185 ...,  0.04973521  0.01601402
  0.04014571]
Running for BooreEtAl2014()
[ 0.15932064  0.11277041  0.13061893  0.06717966  0.12193172  0.00038458
  0.0946205   0.06393538  0.10722015  0.11341581  0.05968205  0.04851905]
[7.040819428724955, 6.5980926252634475, 6.7863349812576104, 5.9344685325558739, 6.6981612332867879, 2.7299323422954256, 6.3732734244904599, 5.8710536962523099, 6.5334323404977157, 6.6054040955127364, 5.7828559086497648, 5.5175582430405736]
Results using BooreEtAl2014() GMM
Best magnitude 5.95
<Latitude=-7.954356, Longitude=110.317253, Depth=20.0000>
Best dip 90.0
Best strike 180.0
Corner lons [ 110.31717192  110.3173336   110.31717192  110.3173336 ]
Corner lats [-7.91141715 -7.9972939  -7.91141715 -7.9972939 ]
Corner depths [ 10.45007414  10.45007414  20.          20.        ]
0
1
10.4500741398 10.4500741398
10.4500741398
RMSE 1.25547482377
sigma 0.512545450523
Maxmium likelihood =  0.000122564670724
2.26004544723
strikes [   0.   15.   30.   45.   60.   75.   90.  105.  120.  135.  150.  165.
  180.  195.  210.  225.  240.  255.  270.  285.  300.  315.  330.  345.]
dips [ 30.  60.  90.]
Magnitude range is 5.05 - 7.25
Longitude range is 109.55 - 111.00
Latitude range is -8.36 - -7.14
Depth range is 5.00 - 20.00
Strike range is 0.00 - 345.00
Dip range is 30.00 - 90.00
pdf_sums [  2.01778617e-04   2.21962124e-04   2.44081919e-04   2.68320230e-04
   2.94900149e-04   3.24485136e-04   3.57285332e-04   3.93813660e-04
   4.34483487e-04   4.79553173e-04   5.29185245e-04   5.83283702e-04
   6.41439817e-04   7.02843252e-04   7.66245544e-04   8.30052083e-04
   8.92226460e-04   9.50265709e-04   1.00145845e-03   1.04316304e-03
   1.07301186e-03   1.08910271e-03   1.09025289e-03   1.07606885e-03
   1.04700088e-03   1.00432840e-03   9.49981694e-04   8.86406464e-04
   2.10304049e-04   2.30563717e-04   2.52666168e-04   2.76862686e-04
   3.03830989e-04   3.33931582e-04   3.67865830e-04   4.06286703e-04
   4.49765386e-04   4.98905264e-04   5.54074220e-04   6.15486297e-04
   6.82963251e-04   7.55824362e-04   8.32740075e-04   9.11748437e-04
   9.90179921e-04   1.06557173e-03   1.13374460e-03   1.19113060e-03
   1.23479988e-03   1.26170229e-03   1.27044354e-03   1.25983150e-03
   1.23023419e-03   1.18318130e-03   1.12106408e-03   1.04698981e-03
   2.15754481e-04   2.35365536e-04   2.56541648e-04   2.80051004e-04
   3.06267259e-04   3.35977015e-04   3.69984780e-04   4.09203881e-04
   4.54509547e-04   5.06839031e-04   5.67117321e-04   6.35796404e-04
   7.13028528e-04   7.98059401e-04   8.89659949e-04   9.86364290e-04
   1.08479407e-03   1.18069438e-03   1.27044247e-03   1.34851401e-03
   1.41028548e-03   1.45226641e-03   1.47108042e-03   1.46588970e-03
   1.43692627e-03   1.38568650e-03   1.31518475e-03   1.22925811e-03
   2.17717095e-04   2.35694944e-04   2.55342402e-04   2.77001419e-04
   3.01482373e-04   3.29594321e-04   3.62403215e-04   4.01060572e-04
   4.46894916e-04   5.01427392e-04   5.65746523e-04   6.40705582e-04
   7.27362912e-04   8.25920780e-04   9.34744317e-04   1.05136038e-03
   1.17317383e-03   1.29487074e-03   1.41044231e-03   1.51386821e-03
   1.59808598e-03   1.65975553e-03   1.69329871e-03   1.69626447e-03
   1.66863877e-03   1.61350173e-03   1.53379660e-03   1.43445318e-03
   2.15694179e-04   2.31511877e-04   2.48576236e-04   2.67472278e-04
   2.89043738e-04   3.14285597e-04   3.44433779e-04   3.81101275e-04
   4.25999298e-04   4.81011544e-04   5.47805752e-04   6.28807254e-04
   7.24788935e-04   8.36050905e-04   9.62572502e-04   1.10144510e-03
   1.25048814e-03   1.40253120e-03   1.55071219e-03   1.68709459e-03
   1.80200047e-03   1.88761892e-03   1.93817659e-03   1.95212824e-03
   1.92829578e-03   1.86840305e-03   1.77802872e-03   1.66335681e-03
   2.09857646e-04   2.22746791e-04   2.36393104e-04   2.51577372e-04
   2.69125520e-04   2.90169233e-04   3.16267532e-04   3.49248162e-04
   3.91229261e-04   4.44813846e-04   5.12685620e-04   5.97339236e-04
   7.00825590e-04   8.24911117e-04   9.70067254e-04   1.13424525e-03
   1.31337059e-03   1.50211588e-03   1.68971854e-03   1.86588796e-03
   2.01743027e-03   2.13583424e-03   2.21079369e-03   2.23682550e-03
   2.21656794e-03   2.15215188e-03   2.04914053e-03   1.91634691e-03
   2.00509030e-04   2.09745731e-04   2.19341063e-04   2.29917000e-04
   2.42464457e-04   2.58236076e-04   2.78961372e-04   3.06636967e-04
   3.43851778e-04   3.94108853e-04   4.59906295e-04   5.45857959e-04
   6.55067304e-04   7.90183579e-04   9.52940887e-04   1.14310925e-03
   1.35681861e-03   1.58734730e-03   1.82262865e-03   2.04871184e-03
   2.24897456e-03   2.40681249e-03   2.50979899e-03   2.55532745e-03
   2.53798351e-03   2.46590700e-03   2.34837221e-03   2.19328696e-03
   1.88088800e-04   1.93322521e-04   1.98300056e-04   2.03760859e-04
   2.10659511e-04   2.20252184e-04   2.34369869e-04   2.55308220e-04
   2.86128928e-04   3.29939688e-04   3.91800379e-04   4.75986268e-04
   5.87542279e-04   7.30852903e-04   9.10499499e-04   1.12645583e-03
   1.37766666e-03   1.65553884e-03   1.94801124e-03   2.23566330e-03
   2.49520996e-03   2.70346056e-03   2.84476270e-03   2.90800617e-03
   2.89587613e-03   2.81229472e-03   2.67431415e-03   2.49324604e-03
   1.73398777e-04   1.74405715e-04   1.74681820e-04   1.74703310e-04
   1.75598380e-04   1.78813830e-04   1.85855355e-04   1.99299264e-04
   2.22006100e-04   2.58113006e-04   3.12417115e-04   3.91330747e-04
   5.01548770e-04   6.50608915e-04   8.43863237e-04   1.08644337e-03
   1.37677549e-03   1.70858863e-03   2.06619995e-03   2.42763205e-03
   2.76037638e-03   3.03301583e-03   3.21711720e-03   3.30391654e-03
   3.29028283e-03   3.19363304e-03   3.02639949e-03   2.81267610e-03
   1.57393250e-04   1.54330872e-04   1.49858548e-04   1.44806353e-04
   1.40053127e-04   1.36945760e-04   1.37299169e-04   1.43186452e-04
   1.57429251e-04   1.84358189e-04   2.29165911e-04   2.99457418e-04
   4.04543324e-04   5.54620872e-04   7.61046442e-04   1.03248887e-03
   1.36883088e-03   1.76043681e-03   2.19016438e-03   2.63406820e-03
   3.05353654e-03   3.40172314e-03   3.63931988e-03   3.74552078e-03
   3.72772366e-03   3.60565148e-03   3.40234871e-03   3.14615648e-03
   1.41099276e-04   1.34254460e-04   1.25645390e-04   1.16104595e-04
   1.06570213e-04   9.84811194e-05   9.33075325e-05   9.28247543e-05
   9.96630887e-05   1.17114812e-04   1.50909246e-04   2.09834591e-04
   3.05400223e-04   4.53433557e-04   6.75051480e-04   9.87329416e-04
   1.38770403e-03   1.85375365e-03   2.35754334e-03   2.88234402e-03
   3.39479328e-03   3.82823276e-03   4.12009109e-03   4.24400770e-03
   4.20926253e-03   4.04510787e-03   3.79401517e-03   3.48418466e-03
   1.25454955e-04   1.15446683e-04   1.03557579e-04   9.05617793e-05
   7.77056433e-05   6.62771981e-05   5.77471565e-05   5.34615121e-05
   5.48713489e-05   6.44421581e-05   8.73275622e-05   1.32599419e-04
   2.14896495e-04   3.58541125e-04   5.98912574e-04   9.66095249e-04
   1.45708172e-03   2.02741375e-03   2.62170051e-03   3.22062699e-03
   3.81642197e-03   4.33589105e-03   4.67742252e-03   4.80142248e-03
   4.72772217e-03   4.50421806e-03   4.18694264e-03   3.81398909e-03
   1.11225782e-04   9.89215767e-05   8.47454959e-05   6.96485011e-05
   5.50321817e-05   4.24427899e-05   3.32484959e-05   2.80341804e-05
   2.70284569e-05   3.14406492e-05   4.50218785e-05   7.64360465e-05
   1.43518509e-04   2.79179915e-04   5.36551942e-04   9.65871360e-04
   1.56940274e-03   2.28133808e-03   3.00115836e-03   3.68419569e-03
   4.35560229e-03   4.94705653e-03   5.31808702e-03   5.41256041e-03
   5.26836546e-03   4.96206443e-03   4.55994850e-03   4.11486617e-03
   9.90455986e-05   8.53464343e-05   6.99408162e-05   5.40123591e-05
   3.91861764e-05   2.72400409e-05   1.94063132e-05   1.55086917e-05
   1.45420417e-05   1.66615033e-05   2.43776011e-05   4.47351571e-05
   9.69147553e-05   2.22987313e-04   4.94170063e-04   9.91468728e-04
   1.72873725e-03   2.60444542e-03   3.47939096e-03   4.27952072e-03
   5.03697245e-03   5.67484286e-03   6.03096681e-03   6.04655578e-03
   5.79346892e-03   5.37698797e-03   4.87988241e-03   4.36096619e-03
   8.92010242e-05   7.49276990e-05   5.92659145e-05   4.35421134e-05
   2.94634189e-05   1.90028921e-05   1.31316293e-05   1.08559687e-05
   1.04249915e-05   1.17333084e-05   1.66931919e-05   3.12369761e-05
   7.33663236e-05   1.96287980e-04   4.89733037e-04   1.06478984e-03
   1.95525196e-03   3.01637895e-03   4.07449682e-03   5.02673634e-03
   5.86034466e-03   6.48241884e-03   6.74458755e-03   6.62413357e-03
   6.22898089e-03   5.69152600e-03   5.10252912e-03   4.51885890e-03
   8.16302283e-05   6.75569507e-05   5.24379214e-05   3.75433470e-05
   2.45717092e-05   1.52809155e-05   1.03581081e-05   8.47502310e-06
   8.10608660e-06   9.11446939e-06   1.28402103e-05   2.54298478e-05
   6.58566238e-05   2.03046155e-04   5.55318131e-04   1.24754574e-03
   2.32354100e-03   3.63522108e-03   4.92746042e-03   5.99608266e-03
   6.76270280e-03   7.21142753e-03   7.28502091e-03   6.99825777e-03
   6.46564160e-03   5.82950239e-03   5.17734359e-03   4.55564180e-03
   7.60040724e-05   6.26868428e-05   4.86610564e-05   3.50053828e-05
   2.31160341e-05   1.43812567e-05   9.31485850e-06   7.01666301e-06
   6.36181731e-06   7.08392385e-06   1.08353829e-05   2.41404402e-05
   7.37797080e-05   2.53531028e-04   7.28600783e-04   1.65615464e-03
   3.08335802e-03   4.77684383e-03   6.22329772e-03   7.07873210e-03
   7.42600157e-03   7.52444810e-03   7.38556114e-03   6.98481884e-03
   6.38716940e-03   5.71682398e-03   5.06120846e-03   4.44879383e-03
   7.18480031e-05   5.96604017e-05   4.70088484e-05   3.48571732e-05
   2.41077067e-05   1.57360801e-05   1.02808637e-05   7.30377591e-06
   6.36665953e-06   7.48320404e-06   1.24680203e-05   3.03160284e-05
   9.98918602e-05   3.38182644e-04   9.43127634e-04   2.12480987e-03
   3.93796753e-03   5.96153539e-03   7.31022070e-03   7.47994307e-03
   7.23374439e-03   7.06181990e-03   6.83478847e-03   6.45290129e-03
   5.91788615e-03   5.32296704e-03   4.74015726e-03   4.19249143e-03
   6.85759402e-05   5.76236647e-05   4.65022604e-05   3.58916211e-05
   2.64757758e-05   1.88162502e-05   1.33635863e-05   1.01169768e-05
   9.20194670e-06   1.09467476e-05   1.80164288e-05   4.06542180e-05
   1.22959521e-04   3.87852480e-04   1.01627986e-03   2.17973816e-03
   3.88297502e-03   5.67060435e-03   6.68799063e-03   6.43606786e-03
   5.98178109e-03   5.78906327e-03   5.66075891e-03   5.44161791e-03
   5.09751900e-03   4.67957479e-03   4.24011416e-03   3.80623702e-03
   6.55531274e-05   5.58146895e-05   4.61162289e-05   3.70066700e-05
   2.89384185e-05   2.22481795e-05   1.72528475e-05   1.40275372e-05
   1.32961757e-05   1.59927562e-05   2.51202905e-05   4.84629117e-05
   1.23607938e-04   3.58444101e-04   8.74483493e-04   1.72106336e-03
   2.77798791e-03   3.72046665e-03   4.20033682e-03   4.13882814e-03
   4.00161537e-03   4.02762637e-03   4.12706965e-03   4.16212382e-03
   4.07372772e-03   3.88242319e-03   3.62529259e-03   3.33345746e-03
   6.23631148e-05   5.36328574e-05   4.50583317e-05   3.71926017e-05
   3.02941332e-05   2.45575540e-05   2.01839486e-05   1.72153198e-05
   1.66202508e-05   1.96522648e-05   2.88366543e-05   4.98279122e-05
   1.10463463e-04   2.77038725e-04   5.95316118e-04   1.02009797e-03
   1.40887424e-03   1.63915307e-03   1.74102086e-03   1.83460783e-03
   2.03199608e-03   2.32437464e-03   2.64700640e-03   2.90662007e-03
   3.04836637e-03   3.06422047e-03   2.98117774e-03   2.82779438e-03
   5.87235824e-05   5.06948675e-05   4.29427562e-05   3.59007034e-05
   2.98253463e-05   2.47966821e-05   2.10202770e-05   1.84683239e-05
   1.77653696e-05   1.99874514e-05   2.69508571e-05   4.39107046e-05
   8.73317259e-05   1.81932472e-04   3.28182729e-04   4.71196145e-04
   5.37248675e-04   5.37606190e-04   5.65215336e-04   6.69430872e-04
   8.71403246e-04   1.17718360e-03   1.55001392e-03   1.90870687e-03
   2.17958458e-03   2.33422097e-03   2.38111868e-03   2.33944926e-03
   5.46096049e-05   4.69952157e-05   3.97226853e-05   3.30992509e-05
   2.74212664e-05   2.27955094e-05   1.93342448e-05   1.71215177e-05
   1.63701954e-05   1.79137433e-05   2.28467560e-05   3.43354845e-05
   5.85366730e-05   1.02001342e-04   1.55908666e-04   1.90955847e-04
   1.90753741e-04   1.97830854e-04   2.49312696e-04   3.22837567e-04
   4.21517837e-04   6.08862221e-04   8.99548091e-04   1.23473011e-03
   1.53428854e-03   1.74966657e-03   1.87044927e-03   1.90487387e-03
   5.01565591e-05   4.27704068e-05   3.56833529e-05   2.92061206e-05
   2.36421717e-05   1.90741246e-05   1.56125165e-05   1.33687412e-05
   1.23646869e-05   1.29688826e-05   1.55304828e-05   2.11425550e-05
   3.20341501e-05   4.95828765e-05   6.91831595e-05   7.90835044e-05
   8.04244595e-05   1.00782175e-04   1.46173479e-04   1.98324874e-04
   2.54057010e-04   3.58780824e-04   5.58784202e-04   8.26126650e-04
   1.09505621e-03   1.31505778e-03   1.46380952e-03   1.53925300e-03
   4.56159331e-05   3.83359364e-05   3.13023993e-05   2.48529830e-05
   1.92566860e-05   1.46641368e-05   1.11352908e-05   8.71376292e-06
   7.33874581e-06   6.94911040e-06   7.59178175e-06   9.58057855e-06
   1.39185393e-05   2.14328804e-05   3.07419704e-05   3.73683456e-05
   4.17550983e-05   5.70162528e-05   8.75234379e-05   1.24896191e-04
   1.67081923e-04   2.41203374e-04   3.84690056e-04   5.88361581e-04
   8.08929734e-04   1.00505763e-03   1.15341189e-03   1.24474578e-03
   4.12406930e-05   3.40665561e-05   2.70862471e-05   2.06955410e-05
   1.51455327e-05   1.06477317e-05   7.24635469e-06   4.92500038e-06
   3.53581420e-06   2.85459280e-06   2.74296306e-06   3.26782054e-06
   4.88989790e-06   8.46250519e-06   1.42189898e-05   2.03583518e-05
   2.56164367e-05   3.49781119e-05   5.41670306e-05   8.12990872e-05
   1.18135244e-04   1.81388451e-04   2.93007453e-04   4.49164436e-04
   6.23664727e-04   7.87899300e-04   9.20983557e-04   1.01216705e-03
   3.72848656e-05   3.02478067e-05   2.34353497e-05   1.71972914e-05
   1.18591081e-05   7.62789572e-06   4.60020706e-06   2.69588339e-06
   1.67872490e-06   1.23205750e-06   1.08474562e-06   1.17106327e-06
   1.69968254e-06   3.31948604e-06   6.89224637e-06   1.21995957e-05
   1.79787898e-05   2.56124479e-05   3.90738586e-05   6.08053374e-05
   9.48392794e-05   1.52029617e-04   2.42826868e-04   3.64348482e-04
   5.01598460e-04   6.34685454e-04   7.47593176e-04   8.31032862e-04
   3.39094491e-05   2.71144407e-05   2.05510035e-05   1.45830170e-05
   9.55386939e-06   5.70620214e-06   3.13008726e-06   1.69741189e-06
   1.08906769e-06   8.77382964e-07   8.17749185e-07   8.33252583e-07
   9.74450290e-07   1.63665993e-06   3.68462454e-06   7.80119294e-06
   1.37925251e-05   2.19690042e-05   3.44750163e-05   5.46025395e-05
   8.69531329e-05   1.38195849e-04   2.13069469e-04   3.09299790e-04
   4.17146345e-04   5.24079614e-04   6.17473144e-04   6.89819614e-04
   3.11917972e-05   2.47281464e-05   1.84902489e-05   1.28518705e-05
   8.16974753e-06   4.67562039e-06   2.45515446e-06   1.33857847e-06
   9.48653605e-07   8.31628300e-07   8.32615438e-07   8.49386938e-07
   8.98872360e-07   1.21890960e-06   2.46167047e-06   5.65979881e-06
   1.14538433e-05   2.03457877e-05   3.36711895e-05   5.39231385e-05
   8.47504950e-05   1.30362270e-04   1.92971926e-04   2.70526689e-04
   3.56478330e-04   4.41819337e-04   5.18379935e-04   5.78952792e-04
   2.91512777e-05   2.30661030e-05   1.72059990e-05   1.19219464e-05
   7.54754852e-06   4.30860869e-06   2.27294287e-06   1.26572424e-06
   9.25980782e-07   8.46204911e-07   8.59846660e-07   8.78913749e-07
   9.29248439e-07   1.19686132e-06   2.17479835e-06   4.95668714e-06
   1.05503760e-05   1.97733247e-05   3.37151934e-05   5.42016903e-05
   8.36652011e-05   1.24529915e-04   1.77733028e-04   2.41151483e-04
   3.10471627e-04   3.79059071e-04   4.41111743e-04   4.91457043e-04
   2.77184373e-05   2.20753478e-05   1.66173694e-05   1.16693157e-05
   7.54933673e-06   4.46072812e-06   2.45367302e-06   1.38665130e-06
   9.72776127e-07   8.68963514e-07   8.76843339e-07   9.05683402e-07
   1.01130836e-06   1.34395213e-06   2.43219774e-06   5.26625454e-06
   1.09021767e-05   2.03253669e-05   3.45530860e-05   5.48685290e-05
   8.28375942e-05   1.19529159e-04   1.65217876e-04   2.17661106e-04
   2.74224373e-04   3.29652531e-04   3.79752557e-04   4.21142796e-04
   2.68313695e-05   2.16598550e-05   1.66096174e-05   1.20006610e-05
   8.09739504e-06   5.07839781e-06   3.00618194e-06   1.78126956e-06
   1.18559714e-06   9.65941136e-07   9.36377486e-07   1.00750867e-06
   1.21409772e-06   1.77057054e-06   3.24416125e-06   6.47384646e-06
   1.24746005e-05   2.21515102e-05   3.64426433e-05   5.62022136e-05
   8.23638709e-05   1.15183807e-04   1.54521316e-04   1.98477921e-04
   2.44583851e-04   2.89656732e-04   3.30262402e-04   3.63633707e-04
   2.64102605e-05   2.17070045e-05   1.70938396e-05   1.28230158e-05
   9.11898221e-06   6.15821905e-06   3.99686025e-06   2.58896409e-06
   1.78638233e-06   1.40710552e-06   1.30675137e-06   1.42713493e-06
   1.83638082e-06   2.80370415e-06   4.83712877e-06   8.67816373e-06
   1.51506908e-05   2.50801539e-05   3.92057448e-05   5.80645797e-05
   8.22426440e-05   1.11443268e-04   1.45211564e-04   1.82014058e-04
   2.19953199e-04   2.56656475e-04   2.89325815e-04   3.16059132e-04]
pdf_sums [ 0.04017464  0.03888124  0.03838456  0.03874091  0.03962881  0.04075939
  0.04191888  0.04320256  0.04396895  0.04395061  0.04291368  0.04125096
  0.03973248  0.03889149  0.03882255  0.03956838  0.04081377  0.04224509
  0.04360719  0.04498783  0.04571159  0.04551897  0.04418792  0.04213757]
pdf_sums [ 0.2501166   0.25008492  0.25011613  0.24968235]
pdf_sums [  1.05413672e-07   8.61513558e-07   6.33289172e-06   4.07400696e-05
   2.20186060e-04   1.03115438e-03   3.95865381e-03   1.14586460e-02
   2.47897287e-02   4.02671455e-02   5.23438979e-02   6.08153301e-02
   6.65471793e-02   7.06328847e-02   7.44793135e-02   7.78667855e-02
   8.04165796e-02   8.16495969e-02   8.10756949e-02   7.82115669e-02
   7.28397016e-02   6.52321873e-02   5.61157276e-02]
pdf_sums [ 0.07401204  0.07966091  0.08440767  0.08776362  0.08906537  0.087694
  0.08369719  0.07802553  0.07184288  0.06406167  0.05237859  0.03866531
  0.02617867  0.01695589  0.0111751   0.00797504  0.00624703  0.00518473
  0.00445844  0.00394474  0.00358534  0.00334859  0.00321715  0.00317607
  0.00320264  0.00327146  0.00335898  0.00344534]
pdf_sums [ 0.33138744  0.32646123  0.34215132]
pdf_sums [ 0.00086636  0.00088521  0.00090289  0.00091895  0.0009328   0.00094426
  0.0009534   0.00095977  0.00096308  0.00096355  0.00096152  0.00095738
  0.00095179  0.00094567  0.0009399   0.00093469  0.00093034  0.00092638
  0.00092248  0.00091744  0.00091055  0.00090126  0.00088938  0.00087506
  0.00085872  0.00084107  0.00082319  0.00080566  0.00078923  0.00077444
  0.00076147  0.00075035  0.00074114  0.00088576  0.00090531  0.00092334
  0.00093923  0.00095275  0.00096379  0.0009717   0.00097622  0.00097693
  0.00097441  0.00096862  0.00096038  0.00095079  0.00094089  0.00093191
  0.00092483  0.00091975  0.00091622  0.00091324  0.00090939  0.00090359
  0.00089452  0.00088194  0.00086641  0.00084817  0.00082826  0.00080773
  0.00078834  0.0007711   0.00075636  0.00074446  0.00073509  0.00072784
  0.00090511  0.00092517  0.00094333  0.00095924  0.00097263  0.00098289
  0.00098937  0.00099153  0.0009894   0.0009829   0.00097249  0.00095902
  0.00094367  0.00092831  0.00091514  0.00090583  0.00090044  0.00089815
  0.00089734  0.00089562  0.00089112  0.00088266  0.00086983  0.00085268
  0.00083184  0.00080885  0.00078576  0.00076396  0.00074523  0.00073052
  0.00072008  0.00071311  0.00070897  0.00092415  0.00094463  0.00096311
  0.00097918  0.00099238  0.00100174  0.00100637  0.00100612  0.00100072
  0.00098977  0.00097351  0.00095281  0.00093007  0.00090792  0.00088944
  0.00087718  0.00087186  0.00087223  0.00087491  0.00087688  0.00087504
  0.00086754  0.00085392  0.00083415  0.00081016  0.00078331  0.00075617
  0.00073145  0.00071092  0.00069619  0.00068734  0.00068393  0.00068436
  0.00094277  0.00096382  0.00098273  0.0009992   0.0010121   0.00102045
  0.00102347  0.00102107  0.00101172  0.00099553  0.00097228  0.0009436
  0.00091138  0.00087975  0.00085377  0.00083791  0.00083325  0.00083764
  0.00084628  0.00085354  0.00085543  0.00084989  0.00083549  0.00081349
  0.0007844   0.00075178  0.00071916  0.00069034  0.00066781  0.00065341
  0.00064689  0.0006479   0.00065374  0.00096104  0.00098277  0.00100246
  0.00101922  0.00103185  0.00103938  0.00104134  0.00103654  0.00102369
  0.00100177  0.00097169  0.0009331   0.00088927  0.00084634  0.00081216
  0.00079234  0.00078861  0.00079795  0.0008139   0.00082806  0.00083492
  0.00083111  0.00081649  0.00079062  0.00075572  0.00071608  0.00067589
  0.00064116  0.000616    0.00060224  0.0005995   0.00060575  0.00061844
  0.00097891  0.00100164  0.00102216  0.00103926  0.00105182  0.00105938
  0.00106056  0.00105378  0.00103759  0.00101139  0.00097368  0.00092502
  0.00086942  0.0008157   0.00077473  0.00075162  0.00074709  0.00076011
  0.00078324  0.00080473  0.00081643  0.00081514  0.00079918  0.00076898
  0.00072663  0.00067746  0.00062847  0.00058734  0.00055905  0.00054611
  0.00054737  0.00056015  0.00058039  0.00099636  0.00102031  0.00104169
  0.00105937  0.00107264  0.00108057  0.00108153  0.00107363  0.00105572
  0.0010256   0.00098213  0.00092529  0.00085957  0.00079707  0.00075245
  0.00072787  0.00071918  0.00073269  0.00076097  0.00078836  0.00080415
  0.00080452  0.00078744  0.00075197  0.00070071  0.00064039  0.00058176
  0.00053542  0.00050568  0.00049294  0.00049675  0.00051509  0.0005432
  0.00101337  0.00103852  0.00106093  0.00107971  0.00109432  0.00110312
  0.00110457  0.00109702  0.00107879  0.00104722  0.00100103  0.00093898
  0.00086645  0.00079828  0.00075113  0.00072546  0.00071429  0.000728
  0.00075886  0.00078906  0.00080611  0.00080515  0.0007847   0.00074323
  0.00068249  0.00061073  0.00054349  0.00049383  0.00046466  0.00045281
  0.00045677  0.00047726  0.00051127  0.00102973  0.00105612  0.00107978
  0.00110023  0.00111664  0.00112706  0.00113024  0.00112436  0.00110765
  0.00107757  0.00103214  0.00097015  0.00089721  0.00082777  0.00077748
  0.00074923  0.00073997  0.00075553  0.000786    0.00081522  0.00082933
  0.00082348  0.00079717  0.00074797  0.00067709  0.00059433  0.00051976
  0.00046833  0.00044191  0.00043082  0.00043379  0.00045304  0.00048968
  0.00104523  0.00107295  0.00109825  0.00112081  0.00113924  0.00115182
  0.00115782  0.0011554   0.00114212  0.00111632  0.00107591  0.00102035
  0.00095367  0.00088905  0.00084143  0.00081725  0.000809    0.0008241
  0.00085118  0.00087535  0.00088116  0.0008641   0.00082797  0.00076958
  0.00068847  0.00059596  0.00051432  0.00046125  0.00043607  0.00042576
  0.00042796  0.0004457   0.00048237  0.00105969  0.00108887  0.00111615
  0.00114093  0.00116179  0.00117738  0.00118732  0.00118909  0.00118113
  0.00116247  0.00113107  0.00108668  0.0010328   0.00098032  0.00094082
  0.00092122  0.00092005  0.00093652  0.00095665  0.00096726  0.00095857
  0.00092862  0.0008792   0.00080899  0.00071855  0.00061846  0.00053012
  0.00047214  0.00044401  0.00043478  0.00043636  0.00045478  0.00049134
  0.00107285  0.00110365  0.00113306  0.00116021  0.00118374  0.00120301
  0.00121719  0.00122398  0.00122326  0.00121312  0.00119302  0.00116371
  0.00112821  0.00109325  0.00106915  0.00106112  0.00107     0.00108768
  0.00109932  0.00109252  0.0010631   0.00101373  0.00094655  0.00086272
  0.00076479  0.00066074  0.00056815  0.00050345  0.00046905  0.00045713
  0.00046087  0.00048086  0.00051677  0.00108449  0.00111705  0.00114851
  0.00117815  0.00120463  0.0012278   0.00124638  0.00125904  0.00126604
  0.00126496  0.00125801  0.00124541  0.00123052  0.00121772  0.00121317
  0.00122148  0.00124064  0.00125937  0.00126175  0.0012357   0.00118179
  0.00110759  0.00101982  0.00092214  0.00081895  0.00071696  0.00062579
  0.00055744  0.00051708  0.00050116  0.00050477  0.0005246   0.00055764
  0.00109436  0.00112869  0.00116212  0.00119414  0.00122377  0.00125079
  0.00127379  0.00129283  0.00130673  0.00131574  0.00132136  0.00132543
  0.00133     0.00133797  0.00135373  0.00137925  0.00140859  0.00142816
  0.00141876  0.00137448  0.00129557  0.00119531  0.00108629  0.00097597
  0.00087062  0.00077546  0.00069315  0.00062824  0.00058634  0.00056691
  0.00056763  0.00058403  0.00061099  0.00110231  0.00113826  0.00117355
  0.00120778  0.0012405   0.00127105  0.00129857  0.00132332  0.00134415
  0.00136233  0.00137942  0.00139761  0.00141755  0.0014432   0.00147598
  0.00151655  0.00155606  0.00157648  0.00155633  0.00149429  0.00139092
  0.00126652  0.00113802  0.0010176   0.00091315  0.00082665  0.00075752
  0.00070326  0.00066587  0.00064599  0.00064281  0.00065275  0.00067118
  0.00110819  0.00114556  0.00118253  0.00121877  0.00125427  0.00128795
  0.00131976  0.0013495   0.00137678  0.00140285  0.00142944  0.00145853
  0.0014906   0.00153025  0.00157614  0.00162696  0.001674    0.00169274
  0.00166413  0.00158584  0.00146347  0.0013203   0.00117736  0.0010509
  0.00094915  0.00087132  0.00081411  0.00077275  0.00074343  0.00072588
  0.00071938  0.00072281  0.00073223  0.00111179  0.00115035  0.00118873
  0.00122673  0.00126453  0.00130096  0.0013364   0.00137052  0.00140317
  0.00143568  0.00146993  0.001507    0.00154794  0.00159563  0.00165069
  0.00171001  0.00175941  0.00177439  0.00173675  0.00164953  0.00151712
  0.0013626   0.00121078  0.0010843   0.0009872   0.00091598  0.00086727
  0.0008356   0.00081377  0.00079896  0.00079046  0.00078823  0.00078991
  0.00111291  0.00115237  0.00119191  0.00123132  0.00127096  0.00130964
  0.001348    0.00138564  0.00142283  0.00146013  0.00149936  0.00154238
  0.00158953  0.00164196  0.00170178  0.00176362  0.00181112  0.00182648
  0.00178947  0.00169345  0.00155596  0.00139837  0.0012461   0.00112817
  0.00103369  0.00096541  0.00092148  0.00089522  0.00087771  0.00086442
  0.00085388  0.0008469   0.00084209  0.00111148  0.00115155  0.00119197
  0.00123239  0.00127335  0.00131378  0.00135425  0.00139443  0.00143472
  0.00147566  0.00151795  0.00156382  0.00161347  0.00166781  0.00172646
  0.0017846   0.00183054  0.00184636  0.00180856  0.00171533  0.00158161
  0.00143102  0.00128609  0.00117142  0.00108251  0.00101894  0.00097801
  0.00095407  0.00093709  0.00092306  0.00090954  0.00089818  0.00088763
  0.00110749  0.00114789  0.00118885  0.00122985  0.00127166  0.00131325
  0.00135501  0.00139688  0.00143904  0.00148176  0.00152617  0.00157229
  0.00162119  0.00167277  0.00172603  0.00177655  0.00181729  0.00182875
  0.00179235  0.00171152  0.00159314  0.00145904  0.00132873  0.00121939
  0.00113588  0.00107621  0.00103695  0.00101161  0.00099216  0.00097478
  0.00095776  0.00094201  0.00092677  0.00110097  0.00114136  0.00118255
  0.00122383  0.00126589  0.00130808  0.00135044  0.00139293  0.00143607
  0.00147908  0.00152374  0.00156882  0.0016152   0.0016619   0.00170748
  0.00174849  0.00177814  0.00178456  0.00175497  0.00168734  0.00159126
  0.0014799   0.00136803  0.00127     0.00119198  0.00113464  0.00109475
  0.00106545  0.00104147  0.00101941  0.00099811  0.00097818  0.0009585
  0.00109199  0.00113204  0.00117311  0.00121435  0.00125616  0.00129844
  0.00134079  0.00138313  0.00142598  0.00146891  0.00151185  0.00155523
  0.00159788  0.00163932  0.00167732  0.00170911  0.00172878  0.00172985
  0.00170505  0.00165289  0.0015787   0.00149066  0.00139903  0.00131436
  0.00124377  0.00118851  0.00114579  0.00111196  0.00108264  0.00105591
  0.00103097  0.00100704  0.00098349  0.0010807   0.00112011  0.00116064
  0.00120156  0.00124284  0.00128453  0.00132645  0.00136827  0.00140981
  0.00145169  0.00149276  0.00153305  0.00157217  0.00160841  0.00163999
  0.00166454  0.0016781   0.00167629  0.00165567  0.00161549  0.00155824
  0.00148955  0.00141607  0.00134534  0.00128245  0.00122919  0.00118493
  0.00114737  0.00111416  0.00108403  0.00105538  0.00102819  0.00100151
  0.00106714  0.00110571  0.00114538  0.00118567  0.00122619  0.00126689
  0.00130775  0.00134867  0.00138868  0.00142851  0.00146756  0.00150497
  0.00154001  0.00157192  0.00159861  0.00161804  0.00162804  0.00162531
  0.00160823  0.00157644  0.0015319   0.00147777  0.00141861  0.00135955
  0.001304    0.00125423  0.00121029  0.00117094  0.00113579  0.00110305
  0.00107198  0.00104213  0.0010134   0.00105144  0.00108917  0.00112764
  0.00116695  0.00120646  0.00124606  0.00128537  0.00132477  0.00136353
  0.00140095  0.00143738  0.00147208  0.00150398  0.0015318   0.0015548
  0.00157085  0.00157834  0.00157581  0.00156179  0.00153654  0.00150083
  0.00145741  0.00140912  0.00135932  0.00131089  0.00126508  0.00122254
  0.00118359  0.00114741  0.00111316  0.00108061  0.00104938  0.00101911
  0.00103376  0.00107054  0.00110776  0.00114564  0.00118392  0.00122218
  0.00126015  0.00129742  0.0013344   0.00136998  0.00140386  0.00143548
  0.00146442  0.0014896   0.00150939  0.00152316  0.00152946  0.00152713
  0.00151578  0.00149535  0.00146644  0.001431    0.00139101  0.00134876
  0.00130577  0.001264    0.00122408  0.00118641  0.00115006  0.0011154
  0.00108239  0.00105029  0.00101908  0.00101431  0.00105001  0.00108599
  0.00112233  0.00115903  0.00119578  0.00123215  0.00126769  0.0013023
  0.00133591  0.00136748  0.00139674  0.00142282  0.00144512  0.00146301
  0.00147514  0.00148073  0.00147902  0.00146955  0.0014528   0.00142928
  0.00139982  0.00136602  0.00132937  0.00129165  0.00125391  0.00121684
  0.00118035  0.00114479  0.00111105  0.00107794  0.00104543  0.00101398]
Adding patch
95 percent confidence range on magnitude at best-fit location is 5.05 - 7.25
gmf [ 0.00162522  0.00167     0.00234276 ...,  0.03205068  0.01193612
  0.02312418]
Running for CampbellBozorgnia2014()
[ 0.33081508  0.23011442  0.26735824  0.14033704  0.23641932  0.00215366
  0.1927636   0.13693382  0.21753278  0.22790174  0.12371129  0.10226029]
[7.9768935412177253, 7.5118512084156945, 7.7040429821060181, 6.8782751989350661, 7.5464816672607773, 3.6127956158482526, 7.2849407358304781, 6.8468235438042599, 7.4398148399428301, 7.4994724746371189, 6.7167244421389372, 6.4727526520667205]
Results using CampbellBozorgnia2014() GMM
Best magnitude 5.35
<Latitude=-7.954356, Longitude=110.362655, Depth=5.0000>
Best dip 90.0
Best strike 15.0
Corner lons [ 110.35708276  110.36822775  110.35708276  110.36822775]
Corner lats [-7.97514215 -7.93356884 -7.97514215 -7.93356884]
Corner depths [ 2.60684954  2.60684954  7.39315046  7.39315046]
0
1
2.60684953839 2.60684953839
2.60684953839
RMSE 1.22452392036
sigma 0.499909797118
Maxmium likelihood =  0.000165369008286
2.20432911823
strikes [   0.   15.   30.   45.   60.   75.   90.  105.  120.  135.  150.  165.
  180.  195.  210.  225.  240.  255.  270.  285.  300.  315.  330.  345.]
dips [ 30.  60.  90.]
Magnitude range is 5.05 - 7.25
Longitude range is 109.55 - 111.00
Latitude range is -8.36 - -7.14
Depth range is 5.00 - 20.00
Strike range is 0.00 - 345.00
Dip range is 30.00 - 90.00
pdf_sums [  6.62297649e-04   6.59785615e-04   6.61050940e-04   6.66740771e-04
   6.77498801e-04   6.94311867e-04   7.17952724e-04   7.49327206e-04
   7.89434992e-04   8.39437288e-04   9.00320334e-04   9.72885863e-04
   1.05765647e-03   1.15482702e-03   1.26458718e-03   1.38737568e-03
   1.52264971e-03   1.66919395e-03   1.82473695e-03   1.98724552e-03
   2.15464352e-03   2.32439739e-03   2.49343967e-03   2.65786454e-03
   2.81468357e-03   2.96131736e-03   3.09549102e-03   3.21571566e-03
   5.89996939e-04   5.84471197e-04   5.82655407e-04   5.85165875e-04
   5.92819993e-04   6.06459624e-04   6.27029080e-04   6.55718230e-04
   6.93477915e-04   7.41408481e-04   8.00933509e-04   8.73064233e-04
   9.58497270e-04   1.05777316e-03   1.17134115e-03   1.29938159e-03
   1.44138507e-03   1.59598868e-03   1.76052145e-03   1.93305621e-03
   2.11138072e-03   2.29283129e-03   2.47360039e-03   2.64945367e-03
   2.81742857e-03   2.97357568e-03   3.11619658e-03   3.24348034e-03
   5.20345336e-04   5.11908054e-04   5.06981852e-04   5.06384660e-04
   5.10801738e-04   5.21141523e-04   5.38597345e-04   5.64220340e-04
   5.99097764e-04   6.44535129e-04   7.01810388e-04   7.72558521e-04
   8.58065400e-04   9.58982223e-04   1.07577321e-03   1.20905691e-03
   1.35856185e-03   1.52260633e-03   1.69812819e-03   1.88254764e-03
   2.07315923e-03   2.26667366e-03   2.45862499e-03   2.64575313e-03
   2.82346541e-03   2.98891745e-03   3.13949830e-03   3.27305191e-03
   4.54052311e-04   4.42762360e-04   4.35041791e-04   4.31443776e-04
   4.32717872e-04   4.39862060e-04   4.53898593e-04   4.75977236e-04
   5.07415775e-04   5.49544945e-04   6.04198427e-04   6.73124620e-04
   7.58121349e-04   8.60804814e-04   9.81932580e-04   1.12195526e-03
   1.28067517e-03   1.45614964e-03   1.64475373e-03   1.84252519e-03
   2.04612128e-03   2.25204385e-03   2.45599652e-03   2.65300187e-03
   2.83926999e-03   3.01210199e-03   3.16807696e-03   3.30570359e-03
   3.91697242e-04   3.78067916e-04   3.67764729e-04   3.61418852e-04
   3.59778289e-04   3.63586599e-04   3.73960422e-04   3.92162713e-04
   4.19679517e-04   4.58399297e-04   5.10060254e-04   5.76894538e-04
   6.61525669e-04   7.66466439e-04   8.92754349e-04   1.04089638e-03
   1.21071281e-03   1.40011868e-03   1.60451263e-03   1.81866859e-03
   2.03805142e-03   2.25765257e-03   2.47233328e-03   2.67803599e-03
   2.87176031e-03   3.04880297e-03   3.20711811e-03   3.34531365e-03
   3.34183837e-04   3.18531014e-04   3.05989878e-04   2.97222927e-04
   2.92745010e-04   2.93310795e-04   3.00064520e-04   3.14300969e-04
   3.37906419e-04   3.72698251e-04   4.20861161e-04   4.85573474e-04
   5.69874629e-04   6.76895246e-04   8.08714394e-04   9.66469192e-04
   1.14980495e-03   1.35618708e-03   1.58039255e-03   1.81559195e-03
   2.05425033e-03   2.28984170e-03   2.51655311e-03   2.73008565e-03
   2.92647437e-03   3.10478726e-03   3.26099500e-03   3.39582844e-03
   2.82073805e-04   2.64808677e-04   2.50446044e-04   2.39463383e-04
   2.32439771e-04   2.30100901e-04   2.33411413e-04   2.43967822e-04
   2.63299203e-04   2.93687012e-04   3.38191529e-04   4.00047446e-04
   4.83167152e-04   5.91926338e-04   7.29666058e-04   8.98887309e-04
   1.09889238e-03   1.32665173e-03   1.57576440e-03   1.83726557e-03
   2.10030466e-03   2.35645750e-03   2.59658219e-03   2.81643901e-03
   3.01315083e-03   3.18474470e-03   3.33434852e-03   3.46039082e-03
   2.35762575e-04   2.17340681e-04   2.01552327e-04   1.88778104e-04
   1.79658009e-04   1.74726972e-04   1.75147062e-04   1.82015886e-04
   1.96989566e-04   2.22932568e-04   2.62726701e-04   3.20678225e-04
   4.01709697e-04   5.11903501e-04   6.56733050e-04   8.40538444e-04
   1.06231560e-03   1.31784056e-03   1.59820456e-03   1.89210629e-03
   2.18521363e-03   2.46653749e-03   2.72269879e-03   2.94697904e-03
   3.13823726e-03   3.29803741e-03   3.43114162e-03   3.54127245e-03
   1.95488285e-04   1.76346116e-04   1.59600696e-04   1.45614412e-04
   1.34859544e-04   1.28001595e-04   1.25808905e-04   1.29289365e-04
   1.40303697e-04   1.61259129e-04   1.95646948e-04   2.48506216e-04
   3.26575216e-04   4.38209854e-04   5.91976122e-04   7.94780741e-04
   1.04608205e-03   1.33852553e-03   1.65948292e-03   1.99224560e-03
   2.32089801e-03   2.63038483e-03   2.90430437e-03   3.13204289e-03
   3.31251695e-03   3.45165699e-03   3.55829707e-03   3.64164815e-03
   1.61180086e-04   1.41800108e-04   1.24629946e-04   1.10054211e-04
   9.83056969e-05   9.01551805e-05   8.58948029e-05   8.67046228e-05
   9.39167427e-05   1.09897456e-04   1.38346371e-04   1.85124464e-04
   2.58820975e-04   3.71825042e-04   5.37362029e-04   7.66368418e-04
   1.05943033e-03   1.40301581e-03   1.77717801e-03   2.15771228e-03
   2.52492361e-03   2.86331123e-03   3.15214160e-03   3.37844943e-03
   3.54083906e-03   3.64973995e-03   3.71944004e-03   3.76251290e-03
   1.32615958e-04   1.13487724e-04   9.64370677e-05   8.17552178e-05
   6.98578351e-05   6.10208560e-05   5.56853856e-05   5.45432206e-05
   5.85945151e-05   6.98720781e-05   9.21470256e-05   1.31875548e-04
   2.00037061e-04   3.13488337e-04   4.95084841e-04   7.62443075e-04
   1.11634537e-03   1.53305467e-03   1.97646441e-03   2.41276994e-03
   2.82365622e-03   3.18713188e-03   3.48400206e-03   3.69740059e-03
   3.82749020e-03   3.89102154e-03   3.90809525e-03   3.89970882e-03
   1.09445561e-04   9.09720623e-05   7.45025759e-05   6.02831786e-05
   4.87794300e-05   4.01102326e-05   3.46349720e-05   3.25204532e-05
   3.43437375e-05   4.16476134e-05   5.79383679e-05   9.02445763e-05
   1.51549691e-04   2.65529057e-04   4.67197065e-04   7.86530435e-04
   1.22564693e-03   1.74696801e-03   2.28781211e-03   2.79250917e-03
   3.24274981e-03   3.62853842e-03   3.92073058e-03   4.09923414e-03
   4.17258119e-03   4.16716842e-03   4.11377289e-03   4.04067561e-03
   9.11761996e-05   7.37016412e-05   5.81362366e-05   4.48227486e-05
   3.41558116e-05   2.63231316e-05   2.14741452e-05   1.93364393e-05
   1.99775574e-05   2.44405069e-05   3.58294736e-05   6.12229333e-05
   1.15486952e-04   2.29445292e-04   4.54833278e-04   8.42440654e-04
   1.39839018e-03   2.06337375e-03   2.73245642e-03   3.32264796e-03
   3.81099887e-03   4.20771748e-03   4.47100787e-03   4.58391750e-03
   4.56602225e-03   4.46283703e-03   4.31918677e-03   4.17007174e-03
   7.71710061e-05   6.09086160e-05   4.65120314e-05   3.43458259e-05
   2.47530485e-05   1.80747464e-05   1.41797855e-05   1.24928976e-05
   1.27685335e-05   1.56567669e-05   2.38446318e-05   4.42531942e-05
   9.30457728e-05   2.08201650e-04   4.63177111e-04   9.37509222e-04
   1.64703795e-03   2.49202950e-03   3.31998808e-03   4.00461672e-03
   4.53510338e-03   4.93038894e-03   5.13179625e-03   5.13008138e-03
   4.97801888e-03   4.74745468e-03   4.49796213e-03   4.26638577e-03
   6.67824944e-05   5.18828209e-05   3.87470804e-05   2.77351941e-05
   1.91861427e-05   1.35208954e-05   1.03826673e-05   9.07110172e-06
   9.29601269e-06   1.15162711e-05   1.81633835e-05   3.64122465e-05
   8.37851540e-05   2.06325256e-04   5.01098995e-04   1.08299038e-03
   1.97555221e-03   3.02852148e-03   4.02783356e-03   4.81628578e-03
   5.39356135e-03   5.76169508e-03   5.84576628e-03   5.67410023e-03
   5.34599512e-03   4.96815915e-03   4.60864932e-03   4.29815545e-03
   5.92726014e-05   4.57760026e-05   3.39205155e-05   2.39991380e-05
   1.62957545e-05   1.12335378e-05   8.45028262e-06   7.29314579e-06
   7.49311483e-06   9.49724768e-06   1.58983506e-05   3.43593376e-05
   8.57747779e-05   2.29794296e-04   5.85270808e-04   1.29214743e-03
   2.37614461e-03   3.64869174e-03   4.82527067e-03   5.71541499e-03
   6.29633747e-03   6.55784485e-03   6.45701713e-03   6.07646616e-03
   5.56493664e-03   5.05133499e-03   4.60206300e-03   4.23520699e-03
   5.39250360e-05   4.18360171e-05   3.12535616e-05   2.23500364e-05
   1.53239489e-05   1.05230870e-05   7.76516033e-06   6.56984339e-06
   6.72255916e-06   8.84119189e-06   1.58025816e-05   3.66077496e-05
   9.90626943e-05   2.84149749e-04   7.35216943e-04   1.59767196e-03
   2.88934748e-03   4.38955759e-03   5.70157783e-03   6.55508576e-03
   6.95296526e-03   6.98664869e-03   6.69179396e-03   6.14512926e-03
   5.51232614e-03   4.92643350e-03   4.43914058e-03   4.05609681e-03
   5.00479692e-05   3.93012851e-05   2.99595615e-05   2.20869552e-05
   1.57401873e-05   1.11670685e-05   8.33098709e-06   7.05627852e-06
   7.32376184e-06   9.98634834e-06   1.83356263e-05   4.34430776e-05
   1.22620049e-04   3.56456365e-04   9.11741263e-04   1.94362995e-03
   3.44815068e-03   5.10381598e-03   6.35180895e-03   6.84000922e-03
   6.86008090e-03   6.68207577e-03   6.30251951e-03   5.73100051e-03
   5.10933877e-03   4.55194353e-03   4.10091937e-03   3.75437229e-03
   4.70408524e-05   3.75249238e-05   2.93454202e-05   2.25076833e-05
   1.69434492e-05   1.27991169e-05   1.00916203e-05   8.86058817e-06
   9.37051367e-06   1.27929039e-05   2.29592148e-05   5.21074917e-05
   1.41428275e-04   3.96881279e-04   9.76431104e-04   2.00489625e-03
   3.43268779e-03   4.89112111e-03   5.81759398e-03   5.94955270e-03
   5.76819520e-03   5.56339945e-03   5.26456989e-03   4.83890376e-03
   4.37335416e-03   3.95406012e-03   3.61292666e-03   3.34992114e-03
   4.43585052e-05   3.59132410e-05   2.87803532e-05   2.28962817e-05
   1.81240041e-05   1.45647273e-05   1.21858272e-05   1.11178618e-05
   1.18696891e-05   1.60394113e-05   2.76178527e-05   5.71682182e-05
   1.40195159e-04   3.67490825e-04   8.49508701e-04   1.62379514e-03
   2.57190892e-03   3.41436727e-03   3.89394073e-03   3.98414315e-03
   3.94114476e-03   3.90764264e-03   3.83103707e-03   3.66433039e-03
   3.44524662e-03   3.22604305e-03   3.03547108e-03   2.88321285e-03
   4.16321427e-05   3.40328416e-05   2.77265190e-05   2.26210851e-05
   1.85171911e-05   1.55032077e-05   1.34844091e-05   1.26073624e-05
   1.34572313e-05   1.76627771e-05   2.86059177e-05   5.42447873e-05
   1.19807980e-04   2.82467816e-04   5.88634700e-04   1.00604914e-03
   1.40914388e-03   1.67992940e-03   1.82820432e-03   1.94160812e-03
   2.08878061e-03   2.26609215e-03   2.41945041e-03   2.50296639e-03
   2.51680233e-03   2.48809860e-03   2.44420131e-03   2.40296404e-03
   3.86731576e-05   3.16595285e-05   2.59287768e-05   2.13651280e-05
   1.77155529e-05   1.50718699e-05   1.33180605e-05   1.25658969e-05
   1.32266663e-05   1.64863135e-05   2.47682079e-05   4.37261752e-05
   8.81293296e-05   1.81530246e-04   3.29416350e-04   4.89633896e-04
   5.95237820e-04   6.42544192e-04   6.97053158e-04   7.90376191e-04
   9.35854208e-04   1.14375948e-03   1.37905106e-03   1.58915792e-03
   1.74367667e-03   1.84422925e-03   1.90876513e-03   1.95506780e-03
   3.54918995e-05   2.88492221e-05   2.34524099e-05   1.91770886e-05
   1.57767824e-05   1.32714123e-05   1.15919396e-05   1.07980905e-05
   1.11156430e-05   1.31846609e-05   1.85046067e-05   3.03014500e-05
   5.47812799e-05   9.84733146e-05   1.56962387e-04   2.06644443e-04
   2.29260074e-04   2.53320866e-04   3.02280657e-04   3.67033808e-04
   4.49860141e-04   5.79172864e-04   7.70699435e-04   9.85951875e-04
   1.18302631e-03   1.34294453e-03   1.46894023e-03   1.57066838e-03
   3.21982279e-05   2.57848172e-05   2.05579926e-05   1.63830319e-05
   1.30814981e-05   1.05755624e-05   8.83528924e-06   7.83950398e-06
   7.67194799e-06   8.59936287e-06   1.12676665e-05   1.69914753e-05
   2.79783296e-05   4.60365974e-05   6.83305345e-05   8.54729041e-05
   9.55508347e-05   1.15920299e-04   1.52185006e-04   1.95684836e-04
   2.47639033e-04   3.26138574e-04   4.57124135e-04   6.30747210e-04
   8.13851021e-04   9.82927148e-04   1.13116776e-03   1.26020649e-03
   2.89741310e-05   2.26911251e-05   1.75636580e-05   1.34412013e-05
   1.02143089e-05   7.72156510e-06   5.95953200e-06   4.82148877e-06
   4.28606172e-06   4.37626196e-06   5.27177707e-06   7.43963241e-06
   1.17620386e-05   1.90946593e-05   2.88031292e-05   3.75162557e-05
   4.47017829e-05   5.79546584e-05   8.06698473e-05   1.10520237e-04
   1.48374962e-04   2.04617011e-04   2.98342169e-04   4.30661962e-04
   5.83136967e-04   7.37427678e-04   8.83627293e-04   1.01928317e-03
   2.60314625e-05   1.98389382e-05   1.48033036e-05   1.07866939e-05
   7.68554103e-06   5.35104864e-06   3.71382165e-06   2.66895015e-06
   2.09691504e-06   1.90244007e-06   2.07080850e-06   2.74147913e-06
   4.29929928e-06   7.35172258e-06   1.22013503e-05   1.79024290e-05
   2.35909051e-05   3.20032373e-05   4.62678340e-05   6.72843722e-05
   9.68091370e-05   1.42322191e-04   2.15028151e-04   3.17220062e-04
   4.40224552e-04   5.72980308e-04   7.06649668e-04   8.37336773e-04
   2.35351419e-05   1.74425912e-05   1.25358440e-05   8.68851494e-06
   5.78522190e-06   3.71458695e-06   2.34068722e-06   1.53932684e-06
   1.12315466e-06   9.51591377e-07   9.48428240e-07   1.13012116e-06
   1.65211559e-06   2.90165612e-06   5.40866091e-06   9.30789472e-06
   1.41815868e-05   2.06097831e-05   3.07609611e-05   4.67811175e-05
   7.15909276e-05   1.10506944e-04   1.69665437e-04   2.50856463e-04
   3.50700972e-04   4.62906523e-04   5.81403179e-04   7.02347045e-04
   2.16083130e-05   1.56279267e-05   1.08682448e-05   7.21743073e-06
   4.55076462e-06   2.75658429e-06   1.66600236e-06   1.08425438e-06
   8.11765164e-07   7.00534118e-07   6.80214334e-07   7.33224283e-07
   9.17099654e-07   1.43966958e-06   2.74170833e-06   5.36465352e-06
   9.53471762e-06   1.54999832e-05   2.44283423e-05   3.84081047e-05
   6.04332120e-05   9.43828350e-05   1.43790515e-04   2.10542041e-04
   2.93064515e-04   3.88320100e-04   4.92654352e-04   6.03078864e-04
   2.03269770e-05   1.44353989e-05   9.80589498e-06   6.33180246e-06
   3.87909808e-06   2.30039191e-06   1.40688061e-06   9.62590151e-07
   7.67188058e-07   6.92151238e-07   6.70618212e-07   6.86056267e-07
   7.66144795e-07   1.02882415e-06   1.78496227e-06   3.61082470e-06
   7.13209383e-06   1.28458043e-05   2.15930541e-05   3.49664165e-05
   5.53440734e-05   8.55613843e-05   1.28248583e-04   1.84749501e-04
   2.55026253e-04   3.37339387e-04   4.29571425e-04   5.30047601e-04
   1.97136690e-05   1.38636551e-05   9.31728544e-06   5.95677747e-06
   3.63735326e-06   2.18285408e-06   1.38221453e-06   9.98210444e-07
   8.32835259e-07   7.67035752e-07   7.43125030e-07   7.46311021e-07
   7.94180284e-07   9.73528781e-07   1.52490257e-06   2.96099489e-06
   6.03213983e-06   1.14767983e-05   2.01320295e-05   3.32423411e-05
   5.25781958e-05   8.02646697e-05   1.18196162e-04   1.67765768e-04
   2.29254109e-04   3.01943750e-04   3.84608201e-04   4.76124077e-04
   1.97862002e-05   1.39088951e-05   9.36206545e-06   6.02873844e-06
   3.74432280e-06   2.31403509e-06   1.51631989e-06   1.12795118e-06
   9.58415194e-07   8.86858201e-07   8.58086001e-07   8.57491617e-07
   9.02908232e-07   1.07776900e-06   1.59487550e-06   2.92504508e-06
   5.81669260e-06   1.11062165e-05   1.96679066e-05   3.25727048e-05
   5.11971929e-05   7.71355095e-05   1.11855228e-04   1.56586948e-04
   2.11867453e-04   2.77428703e-04   3.52577415e-04   4.36431116e-04
   2.05642712e-05   1.45849112e-05   9.94933526e-06   6.53645594e-06
   4.17928190e-06   2.67499409e-06   1.80613136e-06   1.35541229e-06
   1.14463402e-06   1.05284137e-06   1.01728728e-06   1.02166714e-06
   1.09114365e-06   1.31477000e-06   1.91589904e-06   3.34541710e-06
   6.31370727e-06   1.16458954e-05   2.02197516e-05   3.30179483e-05
   5.11802701e-05   7.59580404e-05   1.08534072e-04   1.49896616e-04
   2.00725384e-04   2.60999636e-04   3.30162409e-04   4.07542213e-04
   2.20875903e-05   1.59207070e-05   1.11096136e-05   7.51567988e-06
   4.98426973e-06   3.31766884e-06   2.30155083e-06   1.73380932e-06
   1.44199611e-06   1.30651186e-06   1.25944016e-06   1.28230044e-06
   1.40912807e-06   1.74961151e-06   2.54656335e-06   4.24759651e-06
   7.50030979e-06   1.30874885e-05   2.18538542e-05   3.46986579e-05
   5.26225898e-05   7.66621482e-05   1.07788415e-04   1.46825981e-04
   1.94384984e-04   2.50515614e-04   3.14797062e-04   3.86866926e-04]
pdf_sums [ 0.0418396   0.04109831  0.04060893  0.04033096  0.04024029  0.04031035
  0.04058131  0.04122035  0.0420675   0.04268991  0.04267214  0.04212149
  0.04149338  0.04104255  0.040781    0.04081001  0.04106599  0.04139865
  0.04179459  0.04245367  0.04325369  0.04376975  0.04357721  0.04277836]
pdf_sums [ 0.31672176  0.27629837  0.22172677  0.18525311]
pdf_sums [ 0.00059915  0.00260113  0.00838924  0.02025615  0.03787898  0.0550942
  0.0690624   0.08138085  0.09179424  0.09958402  0.10221171  0.09749278
  0.08521825  0.06774618  0.04915477  0.03695404  0.02967351  0.02273351
  0.01645437  0.01127089  0.00730073  0.00449442  0.00265448]
pdf_sums [ 0.08572669  0.08569792  0.0858682   0.08600888  0.0856526   0.08407429
  0.08067579  0.075596    0.0692782   0.06092374  0.04957572  0.03676572
  0.02507475  0.01635227  0.01089282  0.00788129  0.00625805  0.0052983
  0.00468266  0.00427822  0.00402265  0.00388427  0.00384775  0.00390454
  0.00404712  0.00426629  0.00455577  0.00490954]
pdf_sums [ 0.31306644  0.34599702  0.34093655]
pdf_sums [ 0.0012146   0.00120859  0.00120021  0.00118917  0.00117512  0.00115848
  0.00113917  0.00111739  0.00109358  0.00106834  0.00104209  0.00101564
  0.00098978  0.00096536  0.0009431   0.0009235   0.00090654  0.00089207
  0.00087959  0.00086843  0.00085786  0.00084739  0.00083678  0.00082614
  0.00081572  0.00080599  0.00079759  0.00079108  0.00078712  0.00078612
  0.0007882   0.00079325  0.00080106  0.00122131  0.00121448  0.00120484
  0.00119202  0.00117624  0.00115731  0.00113526  0.00111049  0.00108337
  0.00105433  0.00102418  0.00099382  0.00096438  0.00093678  0.00091198
  0.00089064  0.00087286  0.00085822  0.00084609  0.0008355   0.00082542
  0.000815    0.00080398  0.00079249  0.00078082  0.00076977  0.00076025
  0.00075313  0.000749    0.00074827  0.0007512   0.00075772  0.00076744
  0.00122849  0.00122074  0.00120979  0.00119559  0.00117795  0.00115665
  0.00113201  0.00110409  0.00107332  0.0010403   0.00100599  0.00097133
  0.00093763  0.00090633  0.00087871  0.00085549  0.00083702  0.00082262
  0.00081134  0.00080187  0.00079265  0.00078254  0.00077116  0.00075856
  0.00074531  0.00073246  0.00072133  0.00071313  0.0007087   0.00070843
  0.00071241  0.00072054  0.00073257  0.00123614  0.0012275   0.00121562
  0.00120004  0.00118059  0.00115725  0.00112992  0.00109883  0.00106438
  0.00102732  0.00098835  0.00094889  0.00091046  0.00087491  0.00084388
  0.00081863  0.00079957  0.00078599  0.00077631  0.0007686   0.00076075
  0.00075127  0.00073939  0.00072526  0.00070973  0.00069455  0.00068139
  0.00067179  0.00066686  0.00066708  0.00067246  0.00068261  0.00069697
  0.00124433  0.00123522  0.00122242  0.00120566  0.00118477  0.00115949
  0.00112967  0.00109561  0.00105758  0.0010162   0.00097263  0.00092801
  0.00088421  0.00084351  0.00080834  0.00078077  0.00076141  0.00074927
  0.00074204  0.00073679  0.00073074  0.00072188  0.0007094   0.00069334
  0.00067516  0.0006568   0.00064081  0.00062936  0.00062385  0.00062477
  0.00063193  0.00064458  0.00066175  0.00125337  0.00124394  0.00123045
  0.00121292  0.00119082  0.00116383  0.00113198  0.00109524  0.00105395
  0.00100868  0.00096037  0.00091043  0.00086072  0.00081433  0.00077486
  0.00074479  0.00072506  0.00071472  0.00071068  0.00070857  0.00070464
  0.00069657  0.000683    0.0006643   0.00064219  0.00061983  0.00060042
  0.00058668  0.0005805   0.00058239  0.00059171  0.00060731  0.00062788
  0.00126337  0.00125378  0.00124012  0.0012221   0.00119914  0.00117091
  0.00113747  0.00109871  0.00105482  0.00100613  0.00095378  0.0008988
  0.00084316  0.0007913   0.00074824  0.00071607  0.00069524  0.00068593
  0.00068488  0.000686    0.00068424  0.00067674  0.00066191  0.00063987
  0.00061295  0.00058524  0.00056136  0.00054536  0.00053885  0.00054185
  0.00055346  0.00057222  0.0005964   0.00127429  0.00126493  0.00125148
  0.00123336  0.00121002  0.00118122  0.00114689  0.00110694  0.00106126
  0.00101053  0.00095512  0.00089579  0.00083516  0.00077911  0.00073379
  0.0007002   0.0006776   0.00066808  0.00066898  0.00067239  0.00067213
  0.00066471  0.00064802  0.00062205  0.00058936  0.00055538  0.00052684
  0.00050869  0.00050243  0.00050671  0.00051998  0.00054134  0.00056882
  0.00128617  0.00127743  0.00126452  0.00124681  0.00122368  0.00119507
  0.00116079  0.00112052  0.00107471  0.00102312  0.00096624  0.00090453
  0.0008406   0.00078154  0.0007345   0.00070007  0.00067612  0.00066643
  0.00066823  0.00067261  0.00067238  0.00066368  0.00064408  0.00061324
  0.00057405  0.00053329  0.0005002   0.00048117  0.00047556  0.00048074
  0.00049484  0.00051725  0.00054705  0.00129899  0.00129117  0.00127924
  0.00126238  0.00124015  0.00121253  0.0011792   0.00114025  0.00109537
  0.0010448   0.00098863  0.00092711  0.00086268  0.00080254  0.00075469
  0.00071978  0.00069662  0.00068734  0.00068898  0.00069272  0.00069037
  0.00067773  0.00065314  0.00061642  0.00056996  0.000522    0.00048471
  0.00046471  0.0004603   0.00046588  0.00047973  0.00050208  0.00053296
  0.00131268  0.0013061   0.00129545  0.00127992  0.00125932  0.00123346
  0.00120233  0.00116561  0.00112336  0.00107554  0.00102252  0.00096408
  0.00090291  0.00084549  0.00079918  0.00076647  0.00074471  0.00073583
  0.00073572  0.00073631  0.00072895  0.00070956  0.0006779   0.00063376
  0.00057955  0.00052423  0.00048181  0.00046006  0.00045573  0.00046131
  0.0004746   0.00049656  0.00052775  0.00132699  0.001322    0.00131295
  0.00129929  0.0012808   0.0012576   0.00122942  0.00119623  0.00115781
  0.00111457  0.00106671  0.00101459  0.00096044  0.00090945  0.00086814
  0.00083902  0.00082108  0.00081282  0.00080903  0.00080259  0.00078692
  0.00075916  0.00071865  0.00066583  0.00060376  0.00054156  0.00049306
  0.00046723  0.00046056  0.00046574  0.00047865  0.00050068  0.00053215
  0.00134169  0.00133846  0.00133142  0.00132001  0.00130427  0.00128428
  0.00125982  0.0012309   0.0011975   0.00116007  0.00111912  0.00107564
  0.00103144  0.00099039  0.0009573   0.00093449  0.00092108  0.00091303
  0.00090406  0.00088843  0.00086201  0.00082317  0.00077205  0.00071
  0.0006411   0.00057376  0.00051972  0.00048781  0.00047665  0.0004797
  0.00049261  0.00051525  0.00054675  0.00135643  0.00135515  0.0013504
  0.00134155  0.00132909  0.00131265  0.00129244  0.00126838  0.00124067
  0.00120988  0.00117681  0.00114293  0.0011104   0.00108153  0.00105876
  0.00104335  0.00103316  0.0010232   0.00100772  0.00098249  0.00094465
  0.00089359  0.00083083  0.00075997  0.00068626  0.00061725  0.00056096
  0.00052401  0.00050749  0.0005072   0.00051916  0.0005412   0.00057196
  0.0013709   0.00137174  0.00136936  0.00136343  0.00135436  0.00134183
  0.00132616  0.00130723  0.00128539  0.00126139  0.0012363   0.0012121
  0.00119043  0.0011728   0.00116003  0.00115124  0.00114246  0.00112835
  0.00110537  0.00107148  0.00102338  0.00096073  0.00088681  0.00080828
  0.00073255  0.00066551  0.00061157  0.00057371  0.00055352  0.00054965
  0.00055906  0.00057905  0.00060711  0.00138487  0.00138788  0.00138787
  0.00138503  0.00137934  0.00137093  0.00135987  0.00134605  0.00133003
  0.00131246  0.00129477  0.00127889  0.00126596  0.00125721  0.00125182
  0.00124769  0.00123944  0.00122106  0.00119121  0.00114971  0.00109282
  0.00101979  0.00093623  0.00085199  0.00077596  0.00071296  0.00066457
  0.00063039  0.00061025  0.00060404  0.00061017  0.00062639  0.00065023
  0.00139802  0.00140319  0.0014056   0.00140575  0.00140344  0.00139897
  0.00139228  0.00138341  0.00137294  0.0013613   0.00135016  0.00134073
  0.0013345   0.00133229  0.00133188  0.00133027  0.00132188  0.00129993
  0.00126508  0.00121805  0.00115431  0.00107271  0.00098162  0.00089404
  0.0008189   0.00075981  0.00071702  0.0006881   0.00067065  0.00066396
  0.0006673   0.00067945  0.00069859  0.00141009  0.00141724  0.00142208
  0.00142498  0.00142595  0.00142518  0.00142258  0.00141833  0.00141276
  0.00140646  0.00140065  0.00139662  0.00139508  0.00139655  0.00139942
  0.00139983  0.00139028  0.00136566  0.00132802  0.00127827  0.00121054
  0.00112318  0.00102747  0.00093968  0.00086661  0.00081009  0.0007707
  0.00074587  0.00073126  0.00072486  0.00072629  0.00073497  0.00074983
  0.00142075  0.00142971  0.00143682  0.00144227  0.00144621  0.00144885
  0.00144998  0.0014498   0.0014487   0.00144691  0.00144558  0.0014456
  0.00144755  0.00145167  0.00145655  0.00145707  0.00144599  0.00142052
  0.00138277  0.00133182  0.00126219  0.00117237  0.00107585  0.0009916
  0.00092034  0.00086535  0.00082795  0.00080527  0.00079206  0.00078553
  0.00078534  0.00079108  0.00080221  0.00142981  0.00144042  0.00144953
  0.00145727  0.00146383  0.00146938  0.00147382  0.00147718  0.0014798
  0.00148175  0.00148399  0.00148698  0.00149151  0.00149707  0.00150223
  0.00150196  0.00149038  0.00146561  0.00142854  0.00137789  0.00130851
  0.00122025  0.00112653  0.00104445  0.00097679  0.00092464  0.00088897
  0.0008669   0.00085349  0.00084589  0.00084375  0.0008468   0.00085461
  0.00143713  0.00144922  0.00146007  0.00146978  0.00147853  0.0014865
  0.00149366  0.00149994  0.00150553  0.00151047  0.00151532  0.0015204
  0.0015259   0.0015316   0.00153572  0.00153442  0.00152332  0.00149999
  0.0014642   0.00141502  0.00134854  0.00126601  0.00117851  0.00109994
  0.0010359   0.00098702  0.0009529   0.00093019  0.00091507  0.00090551
  0.00090105  0.00090132  0.000906    0.00144263  0.00145599  0.00146826
  0.00147968  0.00149016  0.00150006  0.00150941  0.0015179   0.00152576
  0.00153285  0.0015394   0.0015456   0.00155118  0.00155592  0.00155839
  0.00155552  0.00154441  0.00152277  0.00148919  0.00144243  0.0013813
  0.00130789  0.00122973  0.00115761  0.00109764  0.00105136  0.00101735
  0.00099297  0.00097537  0.00096335  0.0009564   0.00095399  0.00095563
  0.0014462   0.00146063  0.00147403  0.00148685  0.00149871  0.00151001
  0.00152089  0.00153108  0.00154052  0.00154899  0.00155657  0.00156307
  0.00156836  0.00157167  0.001572    0.00156749  0.00155582  0.00153502
  0.00150363  0.00146094  0.00140673  0.00134336  0.00127625  0.00121271
  0.00115787  0.00111342  0.00107891  0.00105247  0.00103254  0.00101823
  0.00100888  0.00100398  0.00100286  0.00144783  0.00146315  0.00147743
  0.00149125  0.00150423  0.00151658  0.00152845  0.0015397   0.00155017
  0.00155945  0.00156757  0.00157403  0.00157859  0.00158063  0.00157913
  0.001573    0.00156047  0.00154014  0.00151101  0.00147264  0.0014255
  0.00137164  0.00131506  0.00126015  0.00121076  0.00116884  0.00113439
  0.00110684  0.00108534  0.00106929  0.00105786  0.00105061  0.00104691
  0.00144758  0.00146351  0.00147855  0.001493    0.00150679  0.00151993
  0.00153241  0.0015442   0.00155519  0.00156494  0.00157308  0.00157944
  0.0015834   0.00158433  0.00158164  0.0015743   0.00156124  0.00154162
  0.00151462  0.00148045  0.00143959  0.00139395  0.00134587  0.00129861
  0.00125475  0.00121583  0.0011826   0.00115511  0.00113301  0.00111571
  0.00110266  0.0010935   0.00108741  0.00144557  0.00146178  0.00147747
  0.00149228  0.00150664  0.00152023  0.00153307  0.00154514  0.00155621
  0.00156609  0.00157422  0.00158026  0.0015837   0.00158404  0.00158068
  0.00157273  0.00155981  0.00154118  0.00151661  0.00148623  0.00145071
  0.00141151  0.0013704   0.00132936  0.0012905   0.00125505  0.00122384
  0.00119713  0.00117495  0.00115695  0.00114281  0.00113199  0.00112383
  0.00144177  0.00145814  0.0014742   0.00148931  0.00150392  0.00151774
  0.00153078  0.0015429   0.00155393  0.00156369  0.0015717   0.00157743
  0.00158049  0.0015805   0.00157685  0.00156911  0.0015568   0.00153963
  0.00151743  0.00149059  0.00145964  0.00142558  0.00138991  0.00135408
  0.00131953  0.0012875   0.00125853  0.00123307  0.0012112   0.00119297
  0.001178    0.0011659   0.00115577  0.00143627  0.00145281  0.00146888
  0.00148429  0.00149888  0.00151278  0.00152586  0.00153793  0.00154882
  0.00155827  0.00156608  0.00157162  0.00157458  0.00157447  0.00157095
  0.0015636   0.00155222  0.00153662  0.00151682  0.00149318  0.00146604
  0.00143636  0.00140522  0.00137385  0.00134313  0.00131394  0.00128713
  0.00126317  0.00124207  0.00122384  0.00120827  0.00119494  0.00118352]
Adding patch
95 percent confidence range on magnitude at best-fit location is 5.05 - 7.25
gmf [ 0.00126395  0.0012982   0.00192196 ...,  0.0186208   0.00666077
  0.01328876]
