/short/n74/jdg547/EQIAT/gmf_calculator.py:415: VisibleDeprecationWarning: converting an array with ndim > 0 to an index will result in an error in the future
  np.exp((-1/2)*((self.sum_squares_list[index]/self.sigma**2)))
WARNING:The site parameter associated to <Latitude=7.350600, Longitude=108.217200, Depth=0.0000> came from a distance of 795 km!
WARNING:The site parameter associated to <Latitude=-8.738910, Longitude=115.178596, Depth=0.0000> came from a distance of 62 km!
WARNING:The site parameter associated to <Latitude=-8.629660, Longitude=116.169608, Depth=0.0000> came from a distance of 171 km!
Generating source model
Running for ZhaoEtAl2006SSlab()
[  9.35964781e-05   6.93014823e-03   7.18070893e-03   8.55266117e-03
   9.12733003e-03   1.05924699e-02   1.76596548e-02   1.39490198e-02
   6.46608509e-03   4.75607486e-03   4.61149849e-02   2.60414388e-02
   3.72741441e-03   3.07711726e-03   2.93822531e-02   3.46236676e-02
   3.04446705e-02   1.05389416e-01   6.57697767e-02]
[2.0057329878316823, 4.2117229474480364, 4.2299242101358976, 4.3195262640718095, 4.3528523995809305, 4.4291435130283254, 4.6910857783076114, 4.570208325647652, 4.1762036395649016, 4.0188002142452923, 5.4524510320500097, 4.8901314404728629, 3.8939078318619176, 3.7956567439994067, 4.9519871813493355, 5.0852674788932273, 4.9701900769282172, 6.5113680698610805, 5.9072947070286599]
Results using ZhaoEtAl2006SSlab() GMM
Best magnitude 6.8
<Latitude=-7.828280, Longitude=108.514760, Depth=89.8644>
Best dip 85.8
Best strike 24.3
Corner lons [ 108.45849655  108.55529783  108.47420082  108.57099574]
Corner lats [-7.93095757 -7.71857352 -7.93798261 -7.72559498]
Corner depths [  76.94324497   76.94324497  102.78560207  102.78560207]
0
1
76.9432449684 76.9432449684
76.9432449684
RMSE 1.63220344445
sigma 0.452691785458
Maxmium likelihood =  2.04745008326e-07
2.51946304004
strikes [  0.00000000e+00   1.00000000e-01   2.00000000e-01 ...,   3.59600000e+02
   3.59700000e+02   3.59800000e+02]
dips [ 15.8  15.9  16.   16.1  16.2  16.3  16.4  16.5  16.6  16.7  16.8  16.9
  17.   17.1  17.2  17.3  17.4  17.5  17.6  17.7  17.8  17.9  18.   18.1
  18.2  18.3  18.4  18.5  18.6  18.7  18.8  18.9  19.   19.1  19.2  19.3
  19.4  19.5  19.6  19.7  19.8  19.9  20.   20.1  20.2  20.3  20.4  20.5
  20.6  20.7  20.8  20.9  21.   21.1  21.2  21.3  21.4  21.5  21.6  21.7
  21.8  21.9  22.   22.1  22.3  22.4  22.5  22.6  22.7  22.9  23.   23.1
  23.2  23.3  23.4  23.5  23.6  23.7  23.8  23.9  24.   24.1  24.2  24.4
  24.5  24.6  24.7  24.8  25.   25.1  25.2  25.3  25.4  25.5  25.6  25.7
  25.8  25.9  26.   26.1  26.2  26.3  26.4  26.5  26.6  26.7  26.8  26.9
  27.   27.1  27.2  27.3  27.4  27.5  27.6  27.7  27.8  27.9  28.   28.1
  28.2  28.3  28.4  28.5  28.6  28.7  28.8  28.9  29.   29.1  29.2  29.3
  29.4  29.5  29.6  29.7  29.8  29.9  30.   30.1  30.2  30.3  30.4  30.5
  30.6  30.7  30.8  30.9  31.1  31.2  31.3  31.4  31.5  31.6  31.7  31.8
  31.9  32.   32.2  32.3  32.4  32.5  32.6  32.7  32.8  32.9  33.   33.1
  33.2  33.3  33.4  33.5  33.6  33.7  33.8  33.9  34.   34.2  34.3  34.4
  34.5  34.6  34.8  34.9  35.   35.1  35.3  35.6  35.7  35.9  36.   36.2
  36.3  36.6  36.8  37.7  38.5  43.6  43.9  44.6  44.8  44.9  45.   45.1
  45.2  45.4  45.5  45.6  45.7  45.8  46.   46.2  46.4  46.5  46.6  46.7
  46.8  46.9  47.   47.2  47.3  47.4  47.5  47.6  47.7  47.8  48.   48.1
  48.2  48.3  48.4  48.5  48.6  48.7  48.9  49.   49.1  49.2  49.4  49.5
  49.6  49.7  49.8  49.9  50.   50.1  50.2  50.3  50.4  50.5  50.6  50.7
  50.8  50.9  51.   51.1  51.2  51.3  51.4  51.5  51.6  51.7  51.8  51.9
  52.   52.1  52.2  52.3  52.4  52.5  52.6  52.7  52.8  52.9  53.   53.1
  53.2  53.3  53.4  53.5  53.6  53.7  53.8  53.9  54.   54.1  54.2  54.3
  54.4  54.5  54.6  54.7  54.8  54.9  55.   55.1  55.2  55.3  55.4  55.5
  55.6  55.7  55.8  55.9  56.   56.1  56.2  56.3  56.4  56.5  56.6  56.7
  56.8  56.9  57.   57.1  57.2  57.3  57.4  57.5  57.6  57.7  57.8  57.9
  58.   58.1  58.2  58.3  58.4  58.5  58.6  58.7  58.8  58.9  59.   59.1
  59.2  59.3  59.4  59.5  59.6  59.7  59.8  59.9  60.   60.1  60.2  60.3
  60.4  60.5  60.6  60.7  60.8  60.9  61.   61.1  61.2  61.3  61.4  61.5
  61.6  61.7  61.8  61.9  62.   62.1  62.2  62.3  62.4  62.5  62.6  62.7
  62.8  62.9  63.   63.1  63.2  63.3  63.4  63.5  63.6  63.7  63.8  63.9
  64.   64.1  64.2  64.3  64.4  64.5  64.6  64.7  64.8  64.9  65.   65.1
  65.2  65.3  65.4  65.5  65.6  65.7  65.8  65.9  66.   66.1  66.2  66.3
  66.4  66.5  66.6  66.7  66.8  66.9  67.   67.1  67.2  67.3  67.4  67.5
  67.6  67.7  67.8  67.9  68.   68.1  68.2  68.3  68.4  68.5  68.6  68.7
  68.8  68.9  69.   69.1  69.2  69.3  69.4  69.5  69.6  69.7  69.8  69.9
  70.   70.1  70.2  70.3  70.4  70.5  70.6  70.7  70.8  70.9  71.   71.1
  71.2  71.3  71.4  71.5  71.6  71.7  71.8  71.9  72.   72.1  72.2  72.3
  72.4  72.5  72.6  72.7  72.8  72.9  73.   73.1  73.2  73.3  73.4  73.5
  73.6  73.7  73.8  73.9  74.   74.1  74.2  74.3  74.4  74.5  74.6  74.7
  74.8  74.9  75.   75.1  75.2  75.3  75.4  75.5  75.6  75.7  75.8  75.9
  76.   76.1  76.2  76.3  76.4  76.5  76.6  76.7  76.8  76.9  77.   77.1
  77.2  77.3  77.4  77.5  77.6  77.7  77.8  77.9  78.   78.1  78.2  78.3
  78.4  78.5  78.6  78.7  78.8  78.9  79.   79.1  79.2  79.3  79.4  79.5
  79.6  79.7  79.8  79.9  80.   80.1  80.2  80.3  80.4  80.5  80.6  80.7
  80.8  80.9  81.   81.1  81.2  81.3  81.4  81.5  81.6  81.7  81.8  81.9
  82.   82.1  82.2  82.3  82.4  82.5  82.6  82.7  82.8  82.9  83.   83.1
  83.2  83.3  83.4  83.5  83.6  83.7  83.8  83.9  84.   84.1  84.2  84.3
  84.4  84.5  84.6  84.7  84.8  84.9  85.   85.1  85.2  85.3  85.4  85.5
  85.6  85.7  85.8  85.9  86.   86.1  86.2  86.3  86.4  86.5  86.6  86.7
  86.8  86.9  87.   87.1  87.2  87.3  87.4  87.5  87.6  87.7  87.8  87.9
  88.   88.1  88.2  88.3  88.4  88.5  88.6  88.7  88.8  88.9  89.   89.1
  89.2  89.3  89.4  89.5  89.6  89.7  89.8  89.9  90. ]
Magnitude range is 5.50 - 8.20
Longitude range is 102.00 - 114.00
Latitude range is -11.05 - -4.00
Depth range is 13.97 - 307.84
Strike range is 0.00 - 359.80
Dip range is 15.80 - 90.00
pdf_sums [  4.65210655e-06   4.56686997e-06   1.76914767e-05 ...,   9.92037235e-11
   3.94929127e-10   5.19445800e-11]
[]
[]
[]
[]
[]
[]
[]
[]
[]
[]
[]
[]
ind (array([161897, 161899, 161901, ..., 378163, 378165, 378167]),)
index [161897 161899 161901 ..., 378163 378165 378167]
pdf_sums [  7.60296556e-04   2.33151734e-01   7.57682231e-02   7.33927613e-03
   0.00000000e+00   0.00000000e+00   0.00000000e+00   0.00000000e+00
   0.00000000e+00   0.00000000e+00   0.00000000e+00   0.00000000e+00
   0.00000000e+00   0.00000000e+00   0.00000000e+00   0.00000000e+00
   5.66959057e-08   3.82211190e-05   1.60572972e-02   3.82611770e-01
   2.74502106e-01   9.71155164e-03   5.94682744e-05   0.00000000e+00]
ind (array([], dtype=int64),)
index []
pdf_sums [ 0.18117452  0.09128517  0.08324028  0.11199799  0.13208737  0.08835246
  0.05813247  0.0425543   0.031217    0.02688904  0.02223396  0.02233006
  0.0298766   0.03619701  0.04243176  0.        ]
pdf_sums [ 0.00032192  0.00065398  0.0012588   0.0022948   0.00396078  0.00647097
  0.01000661  0.01465258  0.02088912  0.03105295  0.04658323  0.06619779
  0.08419573  0.09227751  0.08662546  0.07291563  0.0600829   0.05202244
  0.04750916  0.04471726  0.04291518  0.04175002  0.04096963  0.03906755
  0.03399939  0.02621063  0.01811345  0.01228454]
pdf_sums [  7.10516392e-10   7.82126160e-10   5.65108060e-10 ...,   1.33571464e-04
   1.34928451e-04   5.32646667e-05]
ind (array([], dtype=int64),)
index []
pdf_sums [  1.55280194e-01   1.00761572e-02   8.36934173e-02   2.83831986e-03
   1.29118571e-06   1.10110476e-03   1.29008386e-02   6.61061871e-02
   6.46387979e-02   4.98014320e-02   1.42468433e-02   3.76304206e-02
   1.21945285e-01   3.11603054e-01   6.81366582e-02   0.00000000e+00]
pdf_sums [  1.05534147e-05   2.77055935e-05   2.85402342e-05 ...,   1.84915356e-05
   5.59682542e-05   1.28473145e-05]
Adding patch
95 percent confidence range on magnitude at best-fit location is 5.50 - 7.70
gmf [  5.80124142e-05   6.98609583e-05   6.39720820e-05 ...,   1.51421335e-02
   3.33844242e-03   6.65723905e-03]
Running for AtkinsonBoore2003SSlab()
[  3.60465401e-06   2.95434054e-03   4.92578326e-03   6.31368998e-03
   4.36650915e-03   5.38074551e-03   1.21993795e-02   1.24902353e-02
   4.24023345e-03   2.72168079e-03   6.03391528e-02   2.06859782e-02
   1.31226797e-03   1.43697532e-03   2.43063048e-02   3.01970094e-02
   3.55268903e-02   1.26781657e-01   6.99184835e-02]
[0.33674580060231296, 3.7747902229933632, 4.0367676213061454, 4.1639810082065907, 3.9750053313788136, 4.0820408627706035, 4.5015253045745416, 4.5136000996501657, 3.9599666953842751, 3.7327546518909749, 5.7968845874972788, 4.772144524099895, 3.3589133517771512, 3.4054369538016624, 4.8547951170920944, 4.9660042123877846, 5.1182606487437834, 6.7481333762641968, 5.9856633234484518]
Results using AtkinsonBoore2003SSlab() GMM
Best magnitude 7.0
<Latitude=-7.870020, Longitude=108.602790, Depth=89.1025>
Best dip 86.4
Best strike 24.1
Corner lons [ 108.53554095  108.65345155  108.55209563  108.66999789]
Corner lats [-7.9968978  -7.73580013 -8.00423379 -7.7431315 ]
Corner depths [  73.23117613   73.23117613  104.97375244  104.97375244]
0
1
73.2311761279 73.2311761279
73.2311761279
RMSE 1.83452702324
sigma 0.508806249885
Maxmium likelihood =  2.22313930573e-08
2.83176894812
strikes [  0.00000000e+00   1.00000000e-01   2.00000000e-01 ...,   3.59600000e+02
   3.59700000e+02   3.59800000e+02]
dips [ 15.8  15.9  16.   16.1  16.2  16.3  16.4  16.5  16.6  16.7  16.8  16.9
  17.   17.1  17.2  17.3  17.4  17.5  17.6  17.7  17.8  17.9  18.   18.1
  18.2  18.3  18.4  18.5  18.6  18.7  18.8  18.9  19.   19.1  19.2  19.3
  19.4  19.5  19.6  19.7  19.8  19.9  20.   20.1  20.2  20.3  20.4  20.5
  20.6  20.7  20.8  20.9  21.   21.1  21.2  21.3  21.4  21.5  21.6  21.7
  21.8  21.9  22.   22.1  22.3  22.4  22.5  22.6  22.7  22.9  23.   23.1
  23.2  23.3  23.4  23.5  23.6  23.7  23.8  23.9  24.   24.1  24.2  24.4
  24.5  24.6  24.7  24.8  25.   25.1  25.2  25.3  25.4  25.5  25.6  25.7
  25.8  25.9  26.   26.1  26.2  26.3  26.4  26.5  26.6  26.7  26.8  26.9
  27.   27.1  27.2  27.3  27.4  27.5  27.6  27.7  27.8  27.9  28.   28.1
  28.2  28.3  28.4  28.5  28.6  28.7  28.8  28.9  29.   29.1  29.2  29.3
  29.4  29.5  29.6  29.7  29.8  29.9  30.   30.1  30.2  30.3  30.4  30.5
  30.6  30.7  30.8  30.9  31.1  31.2  31.3  31.4  31.5  31.6  31.7  31.8
  31.9  32.   32.2  32.3  32.4  32.5  32.6  32.7  32.8  32.9  33.   33.1
  33.2  33.3  33.4  33.5  33.6  33.7  33.8  33.9  34.   34.2  34.3  34.4
  34.5  34.6  34.8  34.9  35.   35.1  35.3  35.6  35.7  35.9  36.   36.2
  36.3  36.6  36.8  37.7  38.5  43.6  43.9  44.6  44.8  44.9  45.   45.1
  45.2  45.4  45.5  45.6  45.7  45.8  46.   46.2  46.4  46.5  46.6  46.7
  46.8  46.9  47.   47.2  47.3  47.4  47.5  47.6  47.7  47.8  48.   48.1
  48.2  48.3  48.4  48.5  48.6  48.7  48.9  49.   49.1  49.2  49.4  49.5
  49.6  49.7  49.8  49.9  50.   50.1  50.2  50.3  50.4  50.5  50.6  50.7
  50.8  50.9  51.   51.1  51.2  51.3  51.4  51.5  51.6  51.7  51.8  51.9
  52.   52.1  52.2  52.3  52.4  52.5  52.6  52.7  52.8  52.9  53.   53.1
  53.2  53.3  53.4  53.5  53.6  53.7  53.8  53.9  54.   54.1  54.2  54.3
  54.4  54.5  54.6  54.7  54.8  54.9  55.   55.1  55.2  55.3  55.4  55.5
  55.6  55.7  55.8  55.9  56.   56.1  56.2  56.3  56.4  56.5  56.6  56.7
  56.8  56.9  57.   57.1  57.2  57.3  57.4  57.5  57.6  57.7  57.8  57.9
  58.   58.1  58.2  58.3  58.4  58.5  58.6  58.7  58.8  58.9  59.   59.1
  59.2  59.3  59.4  59.5  59.6  59.7  59.8  59.9  60.   60.1  60.2  60.3
  60.4  60.5  60.6  60.7  60.8  60.9  61.   61.1  61.2  61.3  61.4  61.5
  61.6  61.7  61.8  61.9  62.   62.1  62.2  62.3  62.4  62.5  62.6  62.7
  62.8  62.9  63.   63.1  63.2  63.3  63.4  63.5  63.6  63.7  63.8  63.9
  64.   64.1  64.2  64.3  64.4  64.5  64.6  64.7  64.8  64.9  65.   65.1
  65.2  65.3  65.4  65.5  65.6  65.7  65.8  65.9  66.   66.1  66.2  66.3
  66.4  66.5  66.6  66.7  66.8  66.9  67.   67.1  67.2  67.3  67.4  67.5
  67.6  67.7  67.8  67.9  68.   68.1  68.2  68.3  68.4  68.5  68.6  68.7
  68.8  68.9  69.   69.1  69.2  69.3  69.4  69.5  69.6  69.7  69.8  69.9
  70.   70.1  70.2  70.3  70.4  70.5  70.6  70.7  70.8  70.9  71.   71.1
  71.2  71.3  71.4  71.5  71.6  71.7  71.8  71.9  72.   72.1  72.2  72.3
  72.4  72.5  72.6  72.7  72.8  72.9  73.   73.1  73.2  73.3  73.4  73.5
  73.6  73.7  73.8  73.9  74.   74.1  74.2  74.3  74.4  74.5  74.6  74.7
  74.8  74.9  75.   75.1  75.2  75.3  75.4  75.5  75.6  75.7  75.8  75.9
  76.   76.1  76.2  76.3  76.4  76.5  76.6  76.7  76.8  76.9  77.   77.1
  77.2  77.3  77.4  77.5  77.6  77.7  77.8  77.9  78.   78.1  78.2  78.3
  78.4  78.5  78.6  78.7  78.8  78.9  79.   79.1  79.2  79.3  79.4  79.5
  79.6  79.7  79.8  79.9  80.   80.1  80.2  80.3  80.4  80.5  80.6  80.7
  80.8  80.9  81.   81.1  81.2  81.3  81.4  81.5  81.6  81.7  81.8  81.9
  82.   82.1  82.2  82.3  82.4  82.5  82.6  82.7  82.8  82.9  83.   83.1
  83.2  83.3  83.4  83.5  83.6  83.7  83.8  83.9  84.   84.1  84.2  84.3
  84.4  84.5  84.6  84.7  84.8  84.9  85.   85.1  85.2  85.3  85.4  85.5
  85.6  85.7  85.8  85.9  86.   86.1  86.2  86.3  86.4  86.5  86.6  86.7
  86.8  86.9  87.   87.1  87.2  87.3  87.4  87.5  87.6  87.7  87.8  87.9
  88.   88.1  88.2  88.3  88.4  88.5  88.6  88.7  88.8  88.9  89.   89.1
  89.2  89.3  89.4  89.5  89.6  89.7  89.8  89.9  90. ]
Magnitude range is 5.50 - 8.20
Longitude range is 102.00 - 114.00
Latitude range is -11.05 - -4.00
Depth range is 13.97 - 307.84
Strike range is 0.00 - 359.80
Dip range is 15.80 - 90.00
pdf_sums [  1.18106370e-06   2.14896925e-06   7.73515618e-06 ...,   1.16149589e-11
   4.67429056e-11   5.53419911e-12]
[]
[]
[]
[]
[]
[]
[]
[]
[]
[]
[]
[]
ind (array([161897, 161899, 161901, ..., 378163, 378165, 378167]),)
index [161897 161899 161901 ..., 378163 378165 378167]
pdf_sums [  1.81345314e-03   2.63877579e-01   9.43739147e-02   1.56736871e-02
   0.00000000e+00   0.00000000e+00   0.00000000e+00   0.00000000e+00
   0.00000000e+00   0.00000000e+00   0.00000000e+00   0.00000000e+00
   0.00000000e+00   0.00000000e+00   0.00000000e+00   0.00000000e+00
   2.33458325e-08   2.93750799e-05   1.91525952e-02   3.43369251e-01
   2.46019936e-01   1.55784383e-02   1.11747961e-04   0.00000000e+00]
ind (array([], dtype=int64),)
index []
pdf_sums [ 0.1987533   0.05856259  0.04163855  0.05183662  0.07017225  0.05977374
  0.04921507  0.04385354  0.03863455  0.03917918  0.0376361   0.04355722
  0.06463945  0.08914743  0.11340043  0.        ]
pdf_sums [  2.59194573e-08   1.36035618e-07   6.45482654e-07   2.76911574e-06
   1.07410473e-05   3.76736220e-05   1.19501162e-04   3.42885664e-04
   8.90291823e-04   2.09998532e-03   4.61463829e-03   9.44263074e-03
   1.80676608e-02   3.20168561e-02   5.05096390e-02   6.75420079e-02
   7.55213360e-02   7.47041661e-02   7.24342744e-02   7.37152770e-02
   7.82017144e-02   8.24061712e-02   8.07024204e-02   7.14688876e-02
   5.96642782e-02   5.17903101e-02   4.83931602e-02   4.52999163e-02]
pdf_sums [  1.65501012e-10   1.87278233e-10   1.24098851e-10 ...,   1.50785554e-04
   1.49067634e-04   3.93859390e-06]
ind (array([], dtype=int64),)
index []
pdf_sums [  1.76137367e-01   1.03801810e-02   5.70572098e-02   1.67758887e-03
   8.15408070e-07   9.70861907e-04   8.27077028e-03   3.51726327e-02
   3.31871699e-02   7.97598468e-02   3.01772717e-02   5.49773588e-02
   1.63220446e-01   2.66328214e-01   8.26822655e-02   0.00000000e+00]
pdf_sums [  8.86280267e-06   2.69732311e-05   2.79430461e-05 ...,   1.82305547e-05
   6.21703479e-05   1.15254977e-05]
Adding patch
95 percent confidence range on magnitude at best-fit location is 5.50 - 7.90
gmf [  6.02438422e-06   8.05963282e-06   7.01897579e-06 ...,   1.15867779e-02
   1.39771577e-03   3.77942622e-03]
Running for AtkinsonBoore2003SSlabCascadia()
[  3.96454698e-06   3.24930553e-03   5.41757978e-03   6.94405660e-03
   4.80246684e-03   5.91796590e-03   1.34173809e-02   1.37372762e-02
   4.66358336e-03   2.99341674e-03   6.63634911e-02   2.27512922e-02
   1.44328643e-03   1.58044475e-03   2.67330781e-02   3.32119167e-02
   3.90739404e-02   1.39439687e-01   7.68992305e-02]
[0.38551517989259176, 3.8235596184528227, 4.0855370420994213, 4.212750406765748, 4.023774731176105, 4.130810270215342, 4.5502947116140042, 4.5623695128301209, 4.0087360669393686, 3.7815240452198386, 5.9188081354195052, 4.8209139301265402, 3.4076827514656833, 3.4542063636495728, 4.9035645498590457, 5.0319340456681196, 5.2401841909047633, 6.870056802280299, 6.1075868052956546]
Results using AtkinsonBoore2003SSlabCascadia() GMM
Best magnitude 6.9
<Latitude=-7.870020, Longitude=108.602790, Depth=89.1025>
Best dip 86.4
Best strike 24.1
Corner lons [ 108.54209218  108.64851903  108.55703423  108.66345428]
Corner lats [-7.98454161 -7.74887211 -7.99116294 -7.75548967]
Corner depths [  74.77688552   74.77688552  103.42804305  103.42804305]
0
1
74.7768855244 74.7768855244
74.7768855244
RMSE 1.83547860146
sigma 0.509070170199
Maxmium likelihood =  2.20134262867e-08
2.83323780066
strikes [  0.00000000e+00   1.00000000e-01   2.00000000e-01 ...,   3.59600000e+02
   3.59700000e+02   3.59800000e+02]
dips [ 15.8  15.9  16.   16.1  16.2  16.3  16.4  16.5  16.6  16.7  16.8  16.9
  17.   17.1  17.2  17.3  17.4  17.5  17.6  17.7  17.8  17.9  18.   18.1
  18.2  18.3  18.4  18.5  18.6  18.7  18.8  18.9  19.   19.1  19.2  19.3
  19.4  19.5  19.6  19.7  19.8  19.9  20.   20.1  20.2  20.3  20.4  20.5
  20.6  20.7  20.8  20.9  21.   21.1  21.2  21.3  21.4  21.5  21.6  21.7
  21.8  21.9  22.   22.1  22.3  22.4  22.5  22.6  22.7  22.9  23.   23.1
  23.2  23.3  23.4  23.5  23.6  23.7  23.8  23.9  24.   24.1  24.2  24.4
  24.5  24.6  24.7  24.8  25.   25.1  25.2  25.3  25.4  25.5  25.6  25.7
  25.8  25.9  26.   26.1  26.2  26.3  26.4  26.5  26.6  26.7  26.8  26.9
  27.   27.1  27.2  27.3  27.4  27.5  27.6  27.7  27.8  27.9  28.   28.1
  28.2  28.3  28.4  28.5  28.6  28.7  28.8  28.9  29.   29.1  29.2  29.3
  29.4  29.5  29.6  29.7  29.8  29.9  30.   30.1  30.2  30.3  30.4  30.5
  30.6  30.7  30.8  30.9  31.1  31.2  31.3  31.4  31.5  31.6  31.7  31.8
  31.9  32.   32.2  32.3  32.4  32.5  32.6  32.7  32.8  32.9  33.   33.1
  33.2  33.3  33.4  33.5  33.6  33.7  33.8  33.9  34.   34.2  34.3  34.4
  34.5  34.6  34.8  34.9  35.   35.1  35.3  35.6  35.7  35.9  36.   36.2
  36.3  36.6  36.8  37.7  38.5  43.6  43.9  44.6  44.8  44.9  45.   45.1
  45.2  45.4  45.5  45.6  45.7  45.8  46.   46.2  46.4  46.5  46.6  46.7
  46.8  46.9  47.   47.2  47.3  47.4  47.5  47.6  47.7  47.8  48.   48.1
  48.2  48.3  48.4  48.5  48.6  48.7  48.9  49.   49.1  49.2  49.4  49.5
  49.6  49.7  49.8  49.9  50.   50.1  50.2  50.3  50.4  50.5  50.6  50.7
  50.8  50.9  51.   51.1  51.2  51.3  51.4  51.5  51.6  51.7  51.8  51.9
  52.   52.1  52.2  52.3  52.4  52.5  52.6  52.7  52.8  52.9  53.   53.1
  53.2  53.3  53.4  53.5  53.6  53.7  53.8  53.9  54.   54.1  54.2  54.3
  54.4  54.5  54.6  54.7  54.8  54.9  55.   55.1  55.2  55.3  55.4  55.5
  55.6  55.7  55.8  55.9  56.   56.1  56.2  56.3  56.4  56.5  56.6  56.7
  56.8  56.9  57.   57.1  57.2  57.3  57.4  57.5  57.6  57.7  57.8  57.9
  58.   58.1  58.2  58.3  58.4  58.5  58.6  58.7  58.8  58.9  59.   59.1
  59.2  59.3  59.4  59.5  59.6  59.7  59.8  59.9  60.   60.1  60.2  60.3
  60.4  60.5  60.6  60.7  60.8  60.9  61.   61.1  61.2  61.3  61.4  61.5
  61.6  61.7  61.8  61.9  62.   62.1  62.2  62.3  62.4  62.5  62.6  62.7
  62.8  62.9  63.   63.1  63.2  63.3  63.4  63.5  63.6  63.7  63.8  63.9
  64.   64.1  64.2  64.3  64.4  64.5  64.6  64.7  64.8  64.9  65.   65.1
  65.2  65.3  65.4  65.5  65.6  65.7  65.8  65.9  66.   66.1  66.2  66.3
  66.4  66.5  66.6  66.7  66.8  66.9  67.   67.1  67.2  67.3  67.4  67.5
  67.6  67.7  67.8  67.9  68.   68.1  68.2  68.3  68.4  68.5  68.6  68.7
  68.8  68.9  69.   69.1  69.2  69.3  69.4  69.5  69.6  69.7  69.8  69.9
  70.   70.1  70.2  70.3  70.4  70.5  70.6  70.7  70.8  70.9  71.   71.1
  71.2  71.3  71.4  71.5  71.6  71.7  71.8  71.9  72.   72.1  72.2  72.3
  72.4  72.5  72.6  72.7  72.8  72.9  73.   73.1  73.2  73.3  73.4  73.5
  73.6  73.7  73.8  73.9  74.   74.1  74.2  74.3  74.4  74.5  74.6  74.7
  74.8  74.9  75.   75.1  75.2  75.3  75.4  75.5  75.6  75.7  75.8  75.9
  76.   76.1  76.2  76.3  76.4  76.5  76.6  76.7  76.8  76.9  77.   77.1
  77.2  77.3  77.4  77.5  77.6  77.7  77.8  77.9  78.   78.1  78.2  78.3
  78.4  78.5  78.6  78.7  78.8  78.9  79.   79.1  79.2  79.3  79.4  79.5
  79.6  79.7  79.8  79.9  80.   80.1  80.2  80.3  80.4  80.5  80.6  80.7
  80.8  80.9  81.   81.1  81.2  81.3  81.4  81.5  81.6  81.7  81.8  81.9
  82.   82.1  82.2  82.3  82.4  82.5  82.6  82.7  82.8  82.9  83.   83.1
  83.2  83.3  83.4  83.5  83.6  83.7  83.8  83.9  84.   84.1  84.2  84.3
  84.4  84.5  84.6  84.7  84.8  84.9  85.   85.1  85.2  85.3  85.4  85.5
  85.6  85.7  85.8  85.9  86.   86.1  86.2  86.3  86.4  86.5  86.6  86.7
  86.8  86.9  87.   87.1  87.2  87.3  87.4  87.5  87.6  87.7  87.8  87.9
  88.   88.1  88.2  88.3  88.4  88.5  88.6  88.7  88.8  88.9  89.   89.1
  89.2  89.3  89.4  89.5  89.6  89.7  89.8  89.9  90. ]
Magnitude range is 5.50 - 8.20
Longitude range is 102.00 - 114.00
Latitude range is -11.05 - -4.00
Depth range is 13.97 - 307.84
Strike range is 0.00 - 359.80
Dip range is 15.80 - 90.00
pdf_sums [  1.84649733e-06   3.19645395e-06   1.15871188e-05 ...,   1.20037962e-11
   4.61744930e-11   5.69009799e-12]
[]
[]
[]
[]
[]
[]
[]
[]
[]
[]
[]
[]
ind (array([161897, 161899, 161901, ..., 378163, 378165, 378167]),)
index [161897 161899 161901 ..., 378163 378165 378167]
pdf_sums [  1.73792923e-03   2.56176241e-01   1.00814999e-01   1.61017865e-02
   0.00000000e+00   0.00000000e+00   0.00000000e+00   0.00000000e+00
   0.00000000e+00   0.00000000e+00   0.00000000e+00   0.00000000e+00
   0.00000000e+00   0.00000000e+00   0.00000000e+00   0.00000000e+00
   2.29374651e-08   2.89492709e-05   1.89573528e-02   3.41238542e-01
   2.49214785e-01   1.56197286e-02   1.09663112e-04   0.00000000e+00]
ind (array([], dtype=int64),)
index []
pdf_sums [ 0.19777509  0.05878837  0.04218249  0.05185663  0.0696402   0.05959729
  0.04926265  0.04424294  0.03897599  0.03944572  0.03784314  0.04374666
  0.06466056  0.08881016  0.1131721   0.        ]
pdf_sums [  5.17408608e-08   2.59713431e-07   1.17879918e-06   4.83837077e-06
   1.79601560e-05   6.03013580e-05   1.83161331e-04   5.03457918e-04
   1.25293065e-03   2.86319890e-03   6.09556541e-03   1.21314710e-02
   2.25235989e-02   3.83368845e-02   5.69170837e-02   7.07707589e-02
   7.45677162e-02   7.22483706e-02   7.09998836e-02   7.36754576e-02
   7.84568860e-02   8.10826912e-02   7.64924438e-02   6.57500781e-02
   5.51551548e-02   4.94072310e-02   4.65559509e-02   4.39454348e-02]
pdf_sums [  1.62693623e-10   1.83327713e-10   1.22055644e-10 ...,   1.92528154e-04
   1.91485931e-04   6.13609759e-06]
ind (array([], dtype=int64),)
index []
pdf_sums [  1.74609100e-01   1.12194717e-02   5.68728938e-02   1.66136788e-03
   7.97146227e-07   1.10264997e-03   8.48163216e-03   3.57329963e-02
   3.34713037e-02   7.97971445e-02   2.97296508e-02   5.50720744e-02
   1.64609599e-01   2.62641717e-01   8.49976020e-02   0.00000000e+00]
pdf_sums [  9.08071858e-06   2.67238828e-05   2.76839754e-05 ...,   1.82825907e-05
   6.28603339e-05   1.17353273e-05]
Adding patch
95 percent confidence range on magnitude at best-fit location is 5.50 - 7.90
gmf [  5.24841289e-06   7.02185162e-06   6.11575570e-06 ...,   1.00537101e-02
   1.21820613e-03   3.30687268e-03]
Running for AbrahamsonEtAl2015SSlab()
[  1.37057327e-07   7.92444393e-04   9.78540163e-04   1.23769266e-03
   1.32164732e-03   1.62705127e-03   3.40888347e-03   2.72580516e-03
   8.57152685e-04   4.79508395e-04   1.83249675e-02   6.10697875e-03
   2.49067874e-04   2.33599392e-04   7.49500236e-03   1.00709908e-02
   8.90858378e-03   4.26008329e-02   1.73976403e-02]
[-1.3388085657105466, 3.1004299493478622, 3.2085295830064759, 3.328929891775195, 3.3625631518358707, 3.4691002308680288, 3.8481291120852439, 3.733530643557895, 3.1406554334204495, 2.842986303084384, 4.710037760013428, 4.146921931551983, 2.5073016723019856, 2.4744433853635242, 4.2518774622458952, 4.4032719629396659, 4.3404209984585727, 5.3509002887395143, 4.6834253785326112]
Results using AbrahamsonEtAl2015SSlab() GMM
Best magnitude 8.2
<Latitude=-4.610710, Longitude=105.559160, Depth=307.8361>
Best dip 62.2
Best strike 311.1
Corner lons [ 105.7786354   105.03907859  106.07946051  105.33998924]
Corner lats [-5.10407815 -4.46090012 -4.76014147 -4.11727458]
Corner depths [ 259.72916793  259.72916793  355.94301824  355.94301824]
0
1
259.729167926 259.729167926
259.729167926
RMSE 2.00306574318
sigma 0.555550480396
Maxmium likelihood =  4.1851975639e-09
3.09192467635
strikes [  0.00000000e+00   1.00000000e-01   2.00000000e-01 ...,   3.59600000e+02
   3.59700000e+02   3.59800000e+02]
dips [ 15.8  15.9  16.   16.1  16.2  16.3  16.4  16.5  16.6  16.7  16.8  16.9
  17.   17.1  17.2  17.3  17.4  17.5  17.6  17.7  17.8  17.9  18.   18.1
  18.2  18.3  18.4  18.5  18.6  18.7  18.8  18.9  19.   19.1  19.2  19.3
  19.4  19.5  19.6  19.7  19.8  19.9  20.   20.1  20.2  20.3  20.4  20.5
  20.6  20.7  20.8  20.9  21.   21.1  21.2  21.3  21.4  21.5  21.6  21.7
  21.8  21.9  22.   22.1  22.3  22.4  22.5  22.6  22.7  22.9  23.   23.1
  23.2  23.3  23.4  23.5  23.6  23.7  23.8  23.9  24.   24.1  24.2  24.4
  24.5  24.6  24.7  24.8  25.   25.1  25.2  25.3  25.4  25.5  25.6  25.7
  25.8  25.9  26.   26.1  26.2  26.3  26.4  26.5  26.6  26.7  26.8  26.9
  27.   27.1  27.2  27.3  27.4  27.5  27.6  27.7  27.8  27.9  28.   28.1
  28.2  28.3  28.4  28.5  28.6  28.7  28.8  28.9  29.   29.1  29.2  29.3
  29.4  29.5  29.6  29.7  29.8  29.9  30.   30.1  30.2  30.3  30.4  30.5
  30.6  30.7  30.8  30.9  31.1  31.2  31.3  31.4  31.5  31.6  31.7  31.8
  31.9  32.   32.2  32.3  32.4  32.5  32.6  32.7  32.8  32.9  33.   33.1
  33.2  33.3  33.4  33.5  33.6  33.7  33.8  33.9  34.   34.2  34.3  34.4
  34.5  34.6  34.8  34.9  35.   35.1  35.3  35.6  35.7  35.9  36.   36.2
  36.3  36.6  36.8  37.7  38.5  43.6  43.9  44.6  44.8  44.9  45.   45.1
  45.2  45.4  45.5  45.6  45.7  45.8  46.   46.2  46.4  46.5  46.6  46.7
  46.8  46.9  47.   47.2  47.3  47.4  47.5  47.6  47.7  47.8  48.   48.1
  48.2  48.3  48.4  48.5  48.6  48.7  48.9  49.   49.1  49.2  49.4  49.5
  49.6  49.7  49.8  49.9  50.   50.1  50.2  50.3  50.4  50.5  50.6  50.7
  50.8  50.9  51.   51.1  51.2  51.3  51.4  51.5  51.6  51.7  51.8  51.9
  52.   52.1  52.2  52.3  52.4  52.5  52.6  52.7  52.8  52.9  53.   53.1
  53.2  53.3  53.4  53.5  53.6  53.7  53.8  53.9  54.   54.1  54.2  54.3
  54.4  54.5  54.6  54.7  54.8  54.9  55.   55.1  55.2  55.3  55.4  55.5
  55.6  55.7  55.8  55.9  56.   56.1  56.2  56.3  56.4  56.5  56.6  56.7
  56.8  56.9  57.   57.1  57.2  57.3  57.4  57.5  57.6  57.7  57.8  57.9
  58.   58.1  58.2  58.3  58.4  58.5  58.6  58.7  58.8  58.9  59.   59.1
  59.2  59.3  59.4  59.5  59.6  59.7  59.8  59.9  60.   60.1  60.2  60.3
  60.4  60.5  60.6  60.7  60.8  60.9  61.   61.1  61.2  61.3  61.4  61.5
  61.6  61.7  61.8  61.9  62.   62.1  62.2  62.3  62.4  62.5  62.6  62.7
  62.8  62.9  63.   63.1  63.2  63.3  63.4  63.5  63.6  63.7  63.8  63.9
  64.   64.1  64.2  64.3  64.4  64.5  64.6  64.7  64.8  64.9  65.   65.1
  65.2  65.3  65.4  65.5  65.6  65.7  65.8  65.9  66.   66.1  66.2  66.3
  66.4  66.5  66.6  66.7  66.8  66.9  67.   67.1  67.2  67.3  67.4  67.5
  67.6  67.7  67.8  67.9  68.   68.1  68.2  68.3  68.4  68.5  68.6  68.7
  68.8  68.9  69.   69.1  69.2  69.3  69.4  69.5  69.6  69.7  69.8  69.9
  70.   70.1  70.2  70.3  70.4  70.5  70.6  70.7  70.8  70.9  71.   71.1
  71.2  71.3  71.4  71.5  71.6  71.7  71.8  71.9  72.   72.1  72.2  72.3
  72.4  72.5  72.6  72.7  72.8  72.9  73.   73.1  73.2  73.3  73.4  73.5
  73.6  73.7  73.8  73.9  74.   74.1  74.2  74.3  74.4  74.5  74.6  74.7
  74.8  74.9  75.   75.1  75.2  75.3  75.4  75.5  75.6  75.7  75.8  75.9
  76.   76.1  76.2  76.3  76.4  76.5  76.6  76.7  76.8  76.9  77.   77.1
  77.2  77.3  77.4  77.5  77.6  77.7  77.8  77.9  78.   78.1  78.2  78.3
  78.4  78.5  78.6  78.7  78.8  78.9  79.   79.1  79.2  79.3  79.4  79.5
  79.6  79.7  79.8  79.9  80.   80.1  80.2  80.3  80.4  80.5  80.6  80.7
  80.8  80.9  81.   81.1  81.2  81.3  81.4  81.5  81.6  81.7  81.8  81.9
  82.   82.1  82.2  82.3  82.4  82.5  82.6  82.7  82.8  82.9  83.   83.1
  83.2  83.3  83.4  83.5  83.6  83.7  83.8  83.9  84.   84.1  84.2  84.3
  84.4  84.5  84.6  84.7  84.8  84.9  85.   85.1  85.2  85.3  85.4  85.5
  85.6  85.7  85.8  85.9  86.   86.1  86.2  86.3  86.4  86.5  86.6  86.7
  86.8  86.9  87.   87.1  87.2  87.3  87.4  87.5  87.6  87.7  87.8  87.9
  88.   88.1  88.2  88.3  88.4  88.5  88.6  88.7  88.8  88.9  89.   89.1
  89.2  89.3  89.4  89.5  89.6  89.7  89.8  89.9  90. ]
Magnitude range is 5.50 - 8.20
Longitude range is 102.00 - 114.00
Latitude range is -11.05 - -4.00
Depth range is 13.97 - 307.84
Strike range is 0.00 - 359.80
Dip range is 15.80 - 90.00
pdf_sums [  1.80637109e-09   7.53097726e-10   3.65920001e-09 ...,   1.59025732e-11
   3.04939967e-10   1.88940104e-11]
[]
[]
[]
[]
[]
[]
[]
[]
[]
[]
[]
[]
ind (array([161897, 161899, 161901, ..., 378163, 378165, 378167]),)
index [161897 161899 161901 ..., 378163 378165 378167]
pdf_sums [  2.12075412e-03   2.04177592e-01   1.79944612e-01   3.24749559e-02
   0.00000000e+00   0.00000000e+00   0.00000000e+00   0.00000000e+00
   0.00000000e+00   0.00000000e+00   0.00000000e+00   0.00000000e+00
   0.00000000e+00   0.00000000e+00   0.00000000e+00   0.00000000e+00
   7.20912016e-08   3.50388399e-05   9.92449979e-03   2.63061794e-01
   2.73752103e-01   3.44974310e-02   1.11466397e-05   0.00000000e+00]
ind (array([], dtype=int64),)
index []
pdf_sums [ 0.08484913  0.04199956  0.02232032  0.02459443  0.03661487  0.04045616
  0.04171685  0.04489374  0.04558825  0.05165071  0.05429563  0.06635171
  0.10630656  0.151285    0.18707708  0.        ]
pdf_sums [ 0.00014689  0.00028732  0.00053537  0.0009517   0.00161673  0.00262948
  0.0041065   0.00625689  0.00946331  0.01394597  0.01966112  0.02611934
  0.03242933  0.03774731  0.04181615  0.0450747   0.04823114  0.05170061
  0.05535318  0.05861347  0.06122717  0.06303128  0.06489884  0.06680311
  0.06873289  0.07072728  0.07282891  0.07506398]
pdf_sums [  8.14363621e-12   1.01067751e-11   6.39934427e-12 ...,   1.28986292e-04
   1.28147311e-04   3.54678974e-07]
ind (array([], dtype=int64),)
index []
pdf_sums [  6.84817897e-02   4.58399844e-03   4.52585257e-02   1.07190742e-03
   1.05829636e-06   2.44412743e-04   5.34336194e-03   2.02339856e-02
   2.18087553e-02   1.17896345e-01   4.42821736e-02   6.13099695e-02
   2.39635902e-01   2.45600651e-01   1.24247163e-01   0.00000000e+00]
pdf_sums [  5.35353709e-06   3.32243486e-05   3.39487534e-05 ...,   1.41955332e-05
   4.88212449e-05   7.72002317e-06]
Adding patch
95 percent confidence range on magnitude at best-fit location is 5.80 - 8.20
gmf [ 0.00042209  0.00061097  0.00051198 ...,  0.00883752  0.00115785
  0.00173832]
