/short/n74/jdg547/EQIAT/gmf_calculator.py:416: VisibleDeprecationWarning: converting an array with ndim > 0 to an index will result in an error in the future
  np.exp((-1/2)*((self.sum_squares_list[index]/self.sigma**2)))
Generating source model
Running for YoungsEtAl1997SInter()
[ 0.16192196  0.16842465  0.16527893  0.19352888  0.17729716  0.16007496
  0.27293625  0.23742722  0.16008645  0.25246754  0.14824158  0.1258468
  0.07836797  0.0708518   0.13534775  0.07960584  0.10309294  0.0784682
  0.05641451]
[7.0615689166320585, 7.1120136090067287, 7.0878584992791911, 7.2900169554717849, 7.1777871715410102, 7.0468709924548198, 7.7304975453605005, 7.5519319189126044, 7.0469629403559813, 7.6306233056484487, 6.9484785229959902, 6.7386513775962227, 6.1318257994603043, 6.0026519593754504, 6.8318975284555696, 6.1519044673226544, 6.483142235387052, 6.1334633676784067, 5.7107199518476195]
Results using YoungsEtAl1997SInter() GMM
Best magnitude 6.75
<Latitude=-8.336778, Longitude=116.448813, Depth=27.2404>
Best dip 27.4742841718
Best strike 97.0146489159
Could not make shapefile, writing to text
RMSE 1.04310649059
sigma 0.289305687508
Maxmium likelihood =  0.00101316580929
1.61013521863
strikes [  66.17004792   66.685338     67.19814252 ...,  109.58315206  109.58671001
  109.59030297]
dips [ 27.00843738  27.00844648  27.00845521 ...,  28.99252461  28.99462322
  28.99671491]
Magnitude range is 6.55 - 8.75
Longitude range is 115.03 - 128.54
Latitude range is -8.57 - -7.01
Depth range is 4.54 - 31.78
Strike range is 66.17 - 109.59
Dip range is 27.01 - 29.00
pdf_sums [  5.70765660e-20   3.32888232e-20   2.42840508e-20 ...,   7.64997884e-29
   1.56621113e-28   3.18320468e-28]
[]
[]
[]
[]
[]
[]
[]
[]
[]
[]
[]
[]
[]
[]
[]
[]
[]
[]
ind (array([], dtype=int64),)
index []
pdf_sums [  0.00000000e+00   0.00000000e+00   0.00000000e+00   8.40052877e-14
   3.14350916e-07   6.55835749e-03   9.93441127e-01   2.01102729e-07
   0.00000000e+00   0.00000000e+00   0.00000000e+00   0.00000000e+00
   0.00000000e+00   0.00000000e+00   0.00000000e+00   0.00000000e+00
   0.00000000e+00   0.00000000e+00   0.00000000e+00   0.00000000e+00
   0.00000000e+00   0.00000000e+00   0.00000000e+00   0.00000000e+00]
ind (array([], dtype=int64),)
index []
pdf_sums [ 0.61775899  0.38224101  0.        ]
pdf_sums [  1.18151236e-01   1.68312714e-01   2.02104855e-01   1.80133447e-01
   1.43302504e-01   9.61229967e-02   4.82207894e-02   2.54547401e-02
   1.00396837e-02   5.07017096e-03   1.89879082e-03   6.49867406e-04
   3.43981503e-04   9.01044683e-05   4.68167959e-05   2.48874510e-05
   1.37008091e-05   7.78316996e-06   4.63065893e-06   2.93167532e-06
   1.92022288e-06   1.21012136e-06   2.38068108e-07   7.21088709e-12
   3.67475129e-27]
pdf_sums [  1.33103987e-15   1.06552572e-16   7.30357481e-17 ...,   5.22090479e-30
   3.57535220e-28   4.04384802e-30]
ind (array([], dtype=int64),)
index []
pdf_sums [ 1.  0.]
pdf_sums [  1.02019170e-06   8.87917448e-07   8.65027708e-07 ...,   3.30792143e-07
   3.13810506e-07   2.97700347e-07]
Adding patch
95 percent confidence range on magnitude at best-fit location is 6.75 - 7.25
gmf [ 0.00199986  0.00107613  0.00167295 ...,  0.0032433   0.00896376
  0.00607065]
Running for AtkinsonBoore2003SInter()
[ 0.15234075  0.15895936  0.15577114  0.18344253  0.16781084  0.15044117
  0.15659887  0.39436346  0.15045302  0.23347746  0.24553154  0.20237768
  0.05992096  0.05137296  0.22091249  0.10907207  0.08822504  0.06003546
  0.03535971]
[6.9834244278615554, 7.0379109260602899, 7.0119535376181545, 7.2214420371635573, 7.1073359749722549, 6.9673486929316448, 7.0187433309946758, 8.0, 6.9674495740222122, 7.5304395462124383, 7.5949334435677365, 7.347296612343257, 5.7879742553885771, 5.5907838748357905, 7.4595667007941628, 6.5553719620875084, 6.2836129844908468, 5.7904200525224345, 5.1122177235931483]
Results using AtkinsonBoore2003SInter() GMM
Best magnitude 6.85
<Latitude=-8.376782, Longitude=116.451036, Depth=29.5104>
Best dip 27.4742841718
Best strike 97.0146489159
Could not make shapefile, writing to text
RMSE 1.06031499705
sigma 0.294078468463
Maxmium likelihood =  0.000742440500709
1.63669820387
strikes [  70.13980425   70.68239992   70.69882692 ...,  109.57485597  109.57722707
  109.58079078]
dips [ 27.00844648  27.00845594  27.00846485 ...,  28.97546056  28.9765051
  28.9775569 ]
Magnitude range is 6.55 - 8.75
Longitude range is 115.21 - 127.87
Latitude range is -8.56 - -7.29
Depth range is 4.54 - 31.78
Strike range is 70.14 - 109.58
Dip range is 27.01 - 28.98
pdf_sums [  9.67067404e-24   9.13643392e-24   9.80477080e-24 ...,   1.30619656e-66
   1.26689572e-65   1.19603955e-64]
[]
[]
[]
[]
[]
[]
[]
[]
[]
[]
[]
[]
[]
[]
[]
[]
[]
[]
ind (array([], dtype=int64),)
index []
pdf_sums [  0.00000000e+00   0.00000000e+00   0.00000000e+00   2.43920360e-23
   6.57189890e-07   3.54595882e-03   9.96453118e-01   2.65871438e-07
   0.00000000e+00   0.00000000e+00   0.00000000e+00   0.00000000e+00
   0.00000000e+00   0.00000000e+00   0.00000000e+00   0.00000000e+00
   0.00000000e+00   0.00000000e+00   0.00000000e+00   0.00000000e+00
   0.00000000e+00   0.00000000e+00   0.00000000e+00   0.00000000e+00]
ind (array([], dtype=int64),)
index []
pdf_sums [ 0.54047394  0.45952606  0.        ]
pdf_sums [  2.80668924e-02   8.87122646e-02   2.01919769e-01   2.38875729e-01
   2.19907603e-01   1.39425089e-01   5.64889558e-02   1.94099966e-02
   4.77842048e-03   1.69291617e-03   4.89988663e-04   1.33084523e-04
   5.98011226e-05   1.43403950e-05   7.92260789e-06   4.90558227e-06
   3.37421505e-06   2.51277270e-06   1.97738943e-06   1.60896416e-06
   1.42303734e-06   1.16648239e-06   2.58813472e-07   3.93551418e-11
   9.04344149e-27]
pdf_sums [  1.77821188e-22   2.88997721e-25   1.19752292e-25 ...,   3.82884944e-70
   2.79332411e-64   1.12287738e-70]
ind (array([], dtype=int64),)
index []
pdf_sums [ 1.  0.]
pdf_sums [  1.05929384e-07   9.19436264e-08   9.11610689e-08 ...,   6.45539809e-14
   4.81948212e-14   3.59023115e-14]
Adding patch
95 percent confidence range on magnitude at best-fit location is 6.85 - 6.85
gmf [ 0.00049211  0.00013282  0.00034855 ...,  0.00314176  0.01242829
  0.00766388]
Running for ZhaoEtAl2006SInter()
[ 0.15353796  0.10560765  0.10238122  0.10316013  0.08923928  0.09713286
  0.18594249  0.29090706  0.09714432  0.20861036  0.13278742  0.10129966
  0.02247377  0.02410518  0.11428545  0.04617352  0.04670635  0.02901
  0.01566659]
[6.9934534234981527, 6.5140183047964522, 6.4742668338923153, 6.4839769466465942, 6.2982573564829245, 6.4068471649068162, 7.2387838903267498, 7.8121919725237667, 6.4069982984903717, 7.3861577218313634, 6.8074298881485662, 6.4606604670139385, 4.8146242672100579, 4.8505369779014273, 6.6151902507384923, 5.4540761331279937, 5.4687758783233082, 4.9454530841344111, 4.6297167470415808]
Results using ZhaoEtAl2006SInter() GMM
Best magnitude 6.95
<Latitude=-8.152328, Longitude=116.572879, Depth=15.8907>
Best dip 27.3206580094
Best strike 95.4240836122
Could not make shapefile, writing to text
RMSE 0.988747232841
sigma 0.274229142037
Maxmium likelihood =  0.00280094442903
1.52622647474
strikes [  75.04256316   75.41701482   75.7908648  ...,  101.54662508  101.59647943
  103.16637478]
dips [ 27.00843738  27.00844648  27.00845521 ...,  28.07129894  28.12405724
  28.27992331]
Magnitude range is 6.55 - 8.85
Longitude range is 115.48 - 125.99
Latitude range is -8.50 - -7.76
Depth range is 4.54 - 31.78
Strike range is 75.04 - 103.17
Dip range is 27.01 - 28.28
pdf_sums [  1.26246928e-25   6.88327608e-26   5.13288224e-26 ...,   2.09087797e-61
   1.43331600e-60   9.60566252e-60]
[]
[]
[]
[]
[]
[]
[]
[]
[]
[]
[]
[]
[]
[]
[]
[]
[]
[]
ind (array([], dtype=int64),)
index []
pdf_sums [  0.00000000e+00   0.00000000e+00   0.00000000e+00   2.15401305e-36
   5.00968707e-11   2.43817527e-03   9.97561825e-01   7.19388421e-11
   0.00000000e+00   0.00000000e+00   0.00000000e+00   0.00000000e+00
   0.00000000e+00   0.00000000e+00   0.00000000e+00   0.00000000e+00
   0.00000000e+00   0.00000000e+00   0.00000000e+00   0.00000000e+00
   0.00000000e+00   0.00000000e+00   0.00000000e+00   0.00000000e+00]
ind (array([], dtype=int64),)
index []
pdf_sums [ 0.66494467  0.33505533  0.        ]
pdf_sums [  6.46194685e-02   1.13687830e-01   1.73695465e-01   1.90068786e-01
   1.77224838e-01   1.34849592e-01   7.69632242e-02   4.14481960e-02
   1.54822662e-02   7.47247459e-03   2.70297051e-03   9.38589199e-04
   5.13889302e-04   1.43987493e-04   8.09130647e-05   4.42530703e-05
   2.50148615e-05   1.49720685e-05   9.16966394e-06   5.72812160e-06
   3.63714067e-06   2.34639260e-06   1.53772749e-06   8.50419293e-07
   2.08058946e-17]
pdf_sums [  8.79090673e-23   4.39293428e-24   1.97290668e-24 ...,   1.80885250e-62
   5.51065898e-60   6.10619622e-63]
ind (array([], dtype=int64),)
index []
pdf_sums [ 1.  0.]
pdf_sums [  4.71809567e-08   3.35479895e-08   2.90651765e-08 ...,   1.46916099e-15
   1.07319509e-15   7.82319286e-16]
Adding patch
95 percent confidence range on magnitude at best-fit location is 6.95 - 7.35
gmf [ 0.00055438  0.00017336  0.00040376 ...,  0.00330534  0.01260426
  0.0074013 ]
Running for AbrahamsonEtAl2015SInter()
[ 0.07374734  0.06070916  0.07071504  0.08180501  0.06458233  0.06137068
  0.15729403  0.20634091  0.05749204  0.16645019  0.07236025  0.04533516
  0.0058004   0.00462314  0.05533691  0.01191398  0.01720217  0.00643521
  0.00184355]
[6.0539686317730546, 5.8047168011600538, 6.0001767072607768, 6.186817683254886, 5.883952277205128, 5.8186017238300423, 7.0244180703507837, 7.3721436746103963, 5.7349596136984555, 7.0969055754782406, 6.0296420498079488, 5.4306005875086427, 4.1205267254268456, 4.0042725056828692, 5.6860110065608191, 4.4893939675294838, 4.6776350592616369, 4.1737508113326589, 3.5331205170790563]
Results using AbrahamsonEtAl2015SInter() GMM
Best magnitude 7.05
<Latitude=-8.083713, Longitude=116.749652, Depth=11.3508>
Best dip 27.1872133018
Best strike 93.6209461347
Could not make shapefile, writing to text
RMSE 0.941433152716
sigma 0.261106577272
Maxmium likelihood =  0.00711089983235
1.4531926403
strikes [ 80.39067812  80.6433522   80.89538956 ...,  98.24305325  98.24466502
  98.24629298]
dips [ 27.00845594  27.00846576  27.00847485 ...,  27.65262038  27.6606382
  27.6859981 ]
Magnitude range is 6.55 - 8.95
Longitude range is 115.66 - 124.76
Latitude range is -8.49 - -7.83
Depth range is 4.54 - 31.78
Strike range is 80.39 - 98.25
Dip range is 27.01 - 27.69
pdf_sums [  2.23860089e-039   1.13835318e-039   8.91464350e-040 ...,
   2.30911460e-237   3.24142966e-237   4.38083126e-237]
[]
[]
[]
[]
[]
[]
[]
[]
[]
[]
[]
[]
[]
[]
[]
[]
[]
[]
ind (array([], dtype=int64),)
index []
pdf_sums [  0.00000000e+000   0.00000000e+000   0.00000000e+000   4.13478835e-149
   1.15553553e-033   3.93436193e-002   9.60656381e-001   5.02840601e-021
   0.00000000e+000   0.00000000e+000   0.00000000e+000   0.00000000e+000
   0.00000000e+000   0.00000000e+000   0.00000000e+000   0.00000000e+000
   0.00000000e+000   0.00000000e+000   0.00000000e+000   0.00000000e+000
   0.00000000e+000   0.00000000e+000   0.00000000e+000   0.00000000e+000]
ind (array([], dtype=int64),)
index []
pdf_sums [ 0.75919003  0.24080997  0.        ]
pdf_sums [  1.17786969e-02   3.54428297e-02   8.69272014e-02   1.39896627e-01
   1.81863232e-01   1.80623085e-01   1.26172735e-01   9.22900033e-02
   5.05354255e-02   3.80733618e-02   2.08513104e-02   1.04797453e-02
   8.02869319e-03   3.23447456e-03   2.80203662e-03   2.36695352e-03
   1.91393366e-03   1.57478263e-03   1.31043942e-03   1.08267673e-03
   8.95446206e-04   7.39973923e-04   6.11303508e-04   5.04991419e-04
   4.11655662e-08]
pdf_sums [  2.45369517e-060   9.31669794e-064   3.38462541e-065 ...,
   1.15607306e-235   2.01941167e-228   4.09062978e-238]
ind (array([], dtype=int64),)
index []
pdf_sums [ 1.  0.]
pdf_sums [  4.14833063e-12   4.08531260e-12   5.20070898e-12 ...,   3.35178995e-74
   4.03852507e-75   4.78901158e-76]
Adding patch
95 percent confidence range on magnitude at best-fit location is 6.95 - 7.35
gmf [  4.84823831e-05   3.71115698e-06   2.53397429e-05 ...,   9.69752728e-04
   1.14795649e-02   4.41553863e-03]
